#
# A fatal error has been detected by the Java Runtime Environment:
#
#  EXCEPTION_ACCESS_VIOLATION (0xc0000005) at pc=0x000000006e9cbbb1, pid=37172, tid=0x00000000000022a8
#
# JRE version: Java(TM) SE Runtime Environment (8.0_241-b07) (build 1.8.0_241-b07)
# Java VM: Java HotSpot(TM) 64-Bit Server VM (25.241-b07 mixed mode windows-amd64 compressed oops)
# Problematic frame:
# C  [gdx-box2d64.dll+0xbbb1]
#
# Failed to write core dump. Minidumps are not enabled by default on client versions of Windows
#
# If you would like to submit a bug report, please visit:
#   http://bugreport.java.com/bugreport/crash.jsp
# The crash happened outside the Java Virtual Machine in native code.
# See problematic frame for where to report the bug.
#

---------------  T H R E A D  ---------------

Current thread (0x000000001efe7000):  JavaThread "LWJGL Application" [_thread_in_native, id=8872, stack(0x0000000020070000,0x0000000020170000)]

siginfo: ExceptionCode=0xc0000005, reading address 0x000000201f780110

Registers:
RAX=0x000000006ea10060, RBX=0x000000201f780110, RCX=0x000000001f750290, RDX=0x00000000000000b8
RSP=0x000000002016eb50, RBP=0x000000001f7502c0, RSI=0x000000001f750290, RDI=0x000000002016ec10
R8 =0x000000001f750290, R9 =0x0000000000000002, R10=0x0000000000000000, R11=0x0000000000000001
R12=0x0000000000000000, R13=0x0000000000000006, R14=0x000000002016edf8, R15=0x000000001efe7000
RIP=0x000000006e9cbbb1, EFLAGS=0x0000000000010202

Top of Stack: (sp=0x000000002016eb50)
0x000000002016eb50:   000000001bf977a8 000000001efe7000
0x000000002016eb60:   0000000065306ce8 000000001f58e4e0
0x000000002016eb70:   0000000000000001 000000001f750290
0x000000002016eb80:   000000002016ec10 000000002016ed50
0x000000002016eb90:   0000000000000000 000000001bf977a8
0x000000002016eba0:   000000002016edf8 000000006e9e1163
0x000000002016ebb0:   000000002016ec50 000000002016ec50
0x000000002016ebc0:   0000000000000003 000000001bf977a8
0x000000002016ebd0:   0000000000000001 000000001b810468
0x000000002016ebe0:   00000000027a7b30 000000006e9e6a36
0x000000002016ebf0:   0000000000000000 00000000027a7b30
0x000000002016ec00:   000000002016ed50 00000000027a5798
0x000000002016ec10:   4134863c00000002 000000003f0b851d
0x000000002016ec20:   0000000000000000 0000000000000000
0x000000002016ec30:   0000010100000000 000000002016ed01
0x000000002016ec40:   0000000000000000 000000003f800000 

Instructions: (pc=0x000000006e9cbbb1)
0x000000006e9cbb91:   05 ca 44 04 00 44 0f b6 2c 18 41 80 fd 0d 4c 89
0x000000006e9cbba1:   eb 77 2c 48 8d 2c de 48 8b 5d 10 48 85 db 74 45
0x000000006e9cbbb1:   48 8b 03 48 89 45 10 48 89 d8 48 83 c4 20 5b 5e
0x000000006e9cbbc1:   5f 5d 41 5c 41 5d 41 5e c3 66 0f 1f 44 00 00 48 


Register to memory mapping:

RAX=0x000000006ea10060 is an unknown value
RBX=0x000000201f780110 is an unknown value
RCX=0x000000001f750290 is an unknown value
RDX=0x00000000000000b8 is an unknown value
RSP=0x000000002016eb50 is pointing into the stack for thread: 0x000000001efe7000
RBP=0x000000001f7502c0 is an unknown value
RSI=0x000000001f750290 is an unknown value
RDI=0x000000002016ec10 is pointing into the stack for thread: 0x000000001efe7000
R8 =0x000000001f750290 is an unknown value
R9 =0x0000000000000002 is an unknown value
R10=0x0000000000000000 is an unknown value
R11=0x0000000000000001 is an unknown value
R12=0x0000000000000000 is an unknown value
R13=0x0000000000000006 is an unknown value
R14=0x000000002016edf8 is pointing into the stack for thread: 0x000000001efe7000
R15=0x000000001efe7000 is a thread


Stack: [0x0000000020070000,0x0000000020170000],  sp=0x000000002016eb50,  free space=1018k
Native frames: (J=compiled Java code, j=interpreted, Vv=VM code, C=native code)
C  [gdx-box2d64.dll+0xbbb1]
C  [gdx-box2d64.dll+0x21163]
C  [gdx-box2d64.dll+0x26a36]
C  0x00000000027b8c67

Java frames: (J=compiled Java code, j=interpreted, Vv=VM code)
j  com.badlogic.gdx.physics.box2d.World.jniCreateBody(JIFFFFFFFFZZZZZF)J+0
j  com.badlogic.gdx.physics.box2d.World.createBody(Lcom/badlogic/gdx/physics/box2d/BodyDef;)Lcom/badlogic/gdx/physics/box2d/Body;+80
j  com.gdxproject.game.Sprites.Player.Bullet.defineFireBall()V+67
j  com.gdxproject.game.Sprites.Player.Bullet.<init>(Lcom/gdxproject/game/Screens/PlayScreen;FFZ)V+127
j  com.gdxproject.game.Sprites.Player.Player.fire(Lcom/gdxproject/game/Screens/PlayScreen;)V+41
J 1619 C2 com.gdxproject.game.Screens.PlayScreen.render(F)V (255 bytes) @ 0x0000000002def71c [0x0000000002debce0+0x3a3c]
J 1480 C1 com.gdxproject.game.GameProject.render()V (5 bytes) @ 0x0000000002d1ef44 [0x0000000002d1ed60+0x1e4]
j  com.badlogic.gdx.backends.lwjgl.LwjglApplication.mainLoop()V+770
j  com.badlogic.gdx.backends.lwjgl.LwjglApplication$1.run()V+27
v  ~StubRoutines::call_stub

---------------  P R O C E S S  ---------------

Java Threads: ( => current thread )
  0x000000001f3f0800 JavaThread "LWJGL Timer" daemon [_thread_blocked, id=28840, stack(0x0000000064760000,0x0000000064860000)]
  0x000000001f107800 JavaThread "AssetManager" daemon [_thread_blocked, id=30604, stack(0x0000000063e60000,0x0000000063f60000)]
  0x00000000026a4000 JavaThread "DestroyJavaVM" [_thread_blocked, id=36220, stack(0x00000000024e0000,0x00000000025e0000)]
=>0x000000001efe7000 JavaThread "LWJGL Application" [_thread_in_native, id=8872, stack(0x0000000020070000,0x0000000020170000)]
  0x000000001e197800 JavaThread "Service Thread" daemon [_thread_blocked, id=36248, stack(0x000000001ecf0000,0x000000001edf0000)]
  0x000000001e11e000 JavaThread "C1 CompilerThread3" daemon [_thread_blocked, id=30064, stack(0x000000001ebf0000,0x000000001ecf0000)]
  0x000000001e11a000 JavaThread "C2 CompilerThread2" daemon [_thread_blocked, id=6652, stack(0x000000001eaf0000,0x000000001ebf0000)]
  0x000000001e117000 JavaThread "C2 CompilerThread1" daemon [_thread_blocked, id=35268, stack(0x000000001e9f0000,0x000000001eaf0000)]
  0x000000001e112800 JavaThread "C2 CompilerThread0" daemon [_thread_blocked, id=37648, stack(0x000000001e8f0000,0x000000001e9f0000)]
  0x000000001e10d800 JavaThread "Attach Listener" daemon [_thread_blocked, id=26776, stack(0x000000001e7f0000,0x000000001e8f0000)]
  0x000000001e10b800 JavaThread "Signal Dispatcher" daemon [_thread_blocked, id=21544, stack(0x000000001e6f0000,0x000000001e7f0000)]
  0x000000001e100800 JavaThread "Finalizer" daemon [_thread_blocked, id=37156, stack(0x000000001e4e0000,0x000000001e5e0000)]
  0x0000000002799800 JavaThread "Reference Handler" daemon [_thread_blocked, id=18036, stack(0x000000001dfe0000,0x000000001e0e0000)]

Other Threads:
  0x000000001c1fa000 VMThread [stack: 0x000000001dee0000,0x000000001dfe0000] [id=25876]
  0x000000001e1c2000 WatcherThread [stack: 0x000000001edf0000,0x000000001eef0000] [id=36172]

VM state:not at safepoint (normal execution)

VM Mutex/Monitor currently owned by a thread: None

heap address: 0x00000006c1400000, size: 4076 MB, Compressed Oops mode: Zero based, Oop shift amount: 3
Narrow klass base: 0x0000000000000000, Narrow klass shift: 3
Compressed class space size: 1073741824 Address: 0x00000007c0000000

Heap:
 PSYoungGen      total 76288K, used 46846K [0x000000076b180000, 0x0000000770680000, 0x00000007c0000000)
  eden space 65536K, 71% used [0x000000076b180000,0x000000076df3f980,0x000000076f180000)
  from space 10752K, 0% used [0x000000076fc00000,0x000000076fc00000,0x0000000770680000)
  to   space 10752K, 0% used [0x000000076f180000,0x000000076f180000,0x000000076fc00000)
 ParOldGen       total 175104K, used 0K [0x00000006c1400000, 0x00000006cbf00000, 0x000000076b180000)
  object space 175104K, 0% used [0x00000006c1400000,0x00000006c1400000,0x00000006cbf00000)
 Metaspace       used 10465K, capacity 10647K, committed 10880K, reserved 1058816K
  class space    used 1018K, capacity 1088K, committed 1152K, reserved 1048576K

Card table byte_map: [0x0000000011b60000,0x0000000012360000] byte_map_base: 0x000000000e556000

Marking Bits: (ParMarkBitMap*) 0x00000000654ebe30
 Begin Bits: [0x00000000130b0000, 0x0000000017060000)
 End Bits:   [0x0000000017060000, 0x000000001b010000)

Polling page: 0x00000000006d0000

CodeCache: size=245760Kb used=6565Kb max_used=6587Kb free=239194Kb
 bounds [0x00000000027a0000, 0x0000000002e20000, 0x00000000117a0000]
 total_blobs=2153 nmethods=1624 adapters=442
 compilation: enabled

Compilation events (10 events):
Event: 33.982 Thread 0x000000001e112800 nmethod 1619 0x0000000002deb1d0 code [0x0000000002debce0, 0x0000000002df2c40]
Event: 34.041 Thread 0x000000001e11a000 nmethod 1620 0x0000000002e01190 code [0x0000000002e01b00, 0x0000000002e08498]
Event: 34.114 Thread 0x000000001e117000 1622       4       com.badlogic.gdx.graphics.g2d.SpriteBatch::begin (65 bytes)
Event: 34.118 Thread 0x000000001e117000 nmethod 1622 0x0000000002de7850 code [0x0000000002de79e0, 0x0000000002de7d08]
Event: 34.131 Thread 0x000000001e112800 1623       4       com.badlogic.gdx.graphics.g2d.SpriteBatch::end (90 bytes)
Event: 34.136 Thread 0x000000001e112800 nmethod 1623 0x0000000002de9010 code [0x0000000002de91c0, 0x0000000002de9590]
Event: 34.197 Thread 0x000000001e11a000 1624       4       com.badlogic.gdx.physics.box2d.Body::setActive (25 bytes)
Event: 34.198 Thread 0x000000001e11a000 nmethod 1624 0x0000000002dd5190 code [0x0000000002dd52e0, 0x0000000002dd5388]
Event: 34.714 Thread 0x000000001e117000 1625       4       com.gdxproject.game.Sprites.Items.Coin::draw (13 bytes)
Event: 34.717 Thread 0x000000001e117000 nmethod 1625 0x0000000002dea790 code [0x0000000002dea920, 0x0000000002deac58]

GC Heap History (0 events):
No events

Deoptimization events (10 events):
Event: 13.289 Thread 0x000000001efe7000 Uncommon trap: reason=unstable_if action=reinterpret pc=0x0000000002c4dbf4 method=javazoom.jl.decoder.LayerIIIDecoder.antialias(II)V @ 21
Event: 13.290 Thread 0x000000001efe7000 Uncommon trap: reason=unstable_if action=reinterpret pc=0x0000000002c5ab74 method=javazoom.jl.decoder.LayerIIIDecoder.antialias(II)V @ 21
Event: 13.290 Thread 0x000000001efe7000 Uncommon trap: reason=unstable_if action=reinterpret pc=0x0000000002b4dd7c method=javazoom.jl.decoder.LayerIIIDecoder.hybrid(II)V @ 32
Event: 14.324 Thread 0x000000001efe7000 Uncommon trap: reason=unstable_if action=reinterpret pc=0x0000000002b24614 method=javazoom.jl.decoder.huffcodetab.huffman_decoder(Ljavazoom/jl/decoder/huffcodetab;[I[I[I[ILjavazoom/jl/decoder/BitReserve;)I @ 27
Event: 19.589 Thread 0x000000001efe7000 Uncommon trap: reason=unstable_if action=reinterpret pc=0x0000000002d9cfe0 method=com.gdxproject.game.Sprites.Items.Coin.update(F)V @ 14
Event: 19.605 Thread 0x000000001efe7000 Uncommon trap: reason=unstable_if action=reinterpret pc=0x0000000002d89a8c method=com.gdxproject.game.Sprites.Items.Coin.update(F)V @ 14
Event: 22.073 Thread 0x000000001efe7000 Uncommon trap: reason=unstable_if action=reinterpret pc=0x0000000002b281f8 method=javazoom.jl.decoder.OutputBuffer.clip(F)S @ 4
Event: 22.488 Thread 0x000000001efe7000 Uncommon trap: reason=unstable_if action=reinterpret pc=0x0000000002c35b90 method=javazoom.jl.decoder.BitReserve.hgetbits(I)I @ 22
Event: 32.517 Thread 0x000000001efe7000 Uncommon trap: reason=unstable_if action=reinterpret pc=0x0000000002dcda88 method=javazoom.jl.decoder.OutputBuffer.clip(F)S @ 17
Event: 32.517 Thread 0x000000001efe7000 Uncommon trap: reason=unstable_if action=reinterpret pc=0x0000000002b012d4 method=javazoom.jl.decoder.OutputBuffer.clip(F)S @ 17

Classes redefined (0 events):
No events

Internal exceptions (10 events):
Event: 0.352 Thread 0x00000000026a4000 Exception <a 'java/security/PrivilegedActionException'> (0x000000076b506a08) thrown at [C:\ade\jenkins\workspace\8-2-build-windows-amd64-cygwin\jdk8u241\331\hotspot\src\share\vm\prims\jvm.cpp, line 1502]
Event: 0.900 Thread 0x00000000026a4000 Exception <a 'java/security/PrivilegedActionException'> (0x000000076b6abd90) thrown at [C:\ade\jenkins\workspace\8-2-build-windows-amd64-cygwin\jdk8u241\331\hotspot\src\share\vm\prims\jvm.cpp, line 1502]
Event: 0.900 Thread 0x00000000026a4000 Exception <a 'java/security/PrivilegedActionException'> (0x000000076b6ada68) thrown at [C:\ade\jenkins\workspace\8-2-build-windows-amd64-cygwin\jdk8u241\331\hotspot\src\share\vm\prims\jvm.cpp, line 1502]
Event: 0.900 Thread 0x00000000026a4000 Exception <a 'java/security/PrivilegedActionException'> (0x000000076b6aebd8) thrown at [C:\ade\jenkins\workspace\8-2-build-windows-amd64-cygwin\jdk8u241\331\hotspot\src\share\vm\prims\jvm.cpp, line 1502]
Event: 0.901 Thread 0x00000000026a4000 Exception <a 'java/security/PrivilegedActionException'> (0x000000076b6b3d40) thrown at [C:\ade\jenkins\workspace\8-2-build-windows-amd64-cygwin\jdk8u241\331\hotspot\src\share\vm\prims\jvm.cpp, line 1502]
Event: 0.901 Thread 0x00000000026a4000 Exception <a 'java/security/PrivilegedActionException'> (0x000000076b6b4998) thrown at [C:\ade\jenkins\workspace\8-2-build-windows-amd64-cygwin\jdk8u241\331\hotspot\src\share\vm\prims\jvm.cpp, line 1502]
Event: 0.901 Thread 0x00000000026a4000 Exception <a 'java/security/PrivilegedActionException'> (0x000000076b6b55c0) thrown at [C:\ade\jenkins\workspace\8-2-build-windows-amd64-cygwin\jdk8u241\331\hotspot\src\share\vm\prims\jvm.cpp, line 1502]
Event: 2.299 Thread 0x000000001efe7000 Exception <a 'java/lang/NoSuchFieldError': method resolution failed> (0x000000076da93330) thrown at [C:\ade\jenkins\workspace\8-2-build-windows-amd64-cygwin\jdk8u241\331\hotspot\src\share\vm\prims\methodHandles.cpp, line 1167]
Event: 2.301 Thread 0x000000001efe7000 Exception <a 'java/lang/NoSuchFieldError': method resolution failed> (0x000000076daa09f0) thrown at [C:\ade\jenkins\workspace\8-2-build-windows-amd64-cygwin\jdk8u241\331\hotspot\src\share\vm\prims\methodHandles.cpp, line 1167]
Event: 3.828 Thread 0x000000001efe7000 Implicit null exception at 0x0000000002c46f1c to 0x0000000002c487dd

Events (10 events):
Event: 22.073 Thread 0x000000001efe7000 DEOPT UNPACKING pc=0x00000000027e583b sp=0x000000002016ed20 mode 2
Event: 22.488 Thread 0x000000001efe7000 Uncommon trap: trap_request=0xffffff65 fr.pc=0x0000000002c35b90
Event: 22.488 Thread 0x000000001efe7000 DEOPT PACKING pc=0x0000000002c35b90 sp=0x000000002016eb90
Event: 22.488 Thread 0x000000001efe7000 DEOPT UNPACKING pc=0x00000000027e583b sp=0x000000002016eb20 mode 2
Event: 32.517 Thread 0x000000001efe7000 Uncommon trap: trap_request=0xffffff65 fr.pc=0x0000000002dcda88
Event: 32.517 Thread 0x000000001efe7000 DEOPT PACKING pc=0x0000000002dcda88 sp=0x000000002016ede0
Event: 32.517 Thread 0x000000001efe7000 DEOPT UNPACKING pc=0x00000000027e583b sp=0x000000002016ed20 mode 2
Event: 32.517 Thread 0x000000001efe7000 Uncommon trap: trap_request=0xffffff65 fr.pc=0x0000000002b012d4
Event: 32.517 Thread 0x000000001efe7000 DEOPT PACKING pc=0x0000000002b012d4 sp=0x000000002016ed70
Event: 32.517 Thread 0x000000001efe7000 DEOPT UNPACKING pc=0x00000000027e583b sp=0x000000002016ed18 mode 2


Dynamic libraries:
0x00007ff62e9f0000 - 0x00007ff62ea27000 	C:\Program Files\Java\jre1.8.0_241\bin\javaw.exe
0x00007ffe06340000 - 0x00007ffe06530000 	C:\WINDOWS\SYSTEM32\ntdll.dll
0x00007ffe053b0000 - 0x00007ffe05462000 	C:\WINDOWS\System32\KERNEL32.DLL
0x00007ffe04110000 - 0x00007ffe043b5000 	C:\WINDOWS\System32\KERNELBASE.dll
0x00007ffe05150000 - 0x00007ffe051f3000 	C:\WINDOWS\System32\ADVAPI32.dll
0x00007ffe06160000 - 0x00007ffe061fe000 	C:\WINDOWS\System32\msvcrt.dll
0x00007ffe044a0000 - 0x00007ffe04537000 	C:\WINDOWS\System32\sechost.dll
0x00007ffe05020000 - 0x00007ffe05140000 	C:\WINDOWS\System32\RPCRT4.dll
0x00007ffe05470000 - 0x00007ffe05605000 	C:\WINDOWS\System32\USER32.dll
0x00007ffe043c0000 - 0x00007ffe043e1000 	C:\WINDOWS\System32\win32u.dll
0x00007ffe05740000 - 0x00007ffe05766000 	C:\WINDOWS\System32\GDI32.dll
0x00007ffe03f70000 - 0x00007ffe04106000 	C:\WINDOWS\System32\gdi32full.dll
0x00007ffe03e20000 - 0x00007ffe03ebe000 	C:\WINDOWS\System32\msvcp_win.dll
0x00007ffe032d0000 - 0x00007ffe033ca000 	C:\WINDOWS\System32\ucrtbase.dll
0x00007ffdf5b80000 - 0x00007ffdf5e04000 	C:\WINDOWS\WinSxS\amd64_microsoft.windows.common-controls_6595b64144ccf1df_6.0.18362.1082_none_9e8193e1e45b25c1\COMCTL32.dll
0x00007ffe05780000 - 0x00007ffe05ab5000 	C:\WINDOWS\System32\combase.dll
0x00007ffe03da0000 - 0x00007ffe03e20000 	C:\WINDOWS\System32\bcryptPrimitives.dll
0x00007ffe062d0000 - 0x00007ffe062fe000 	C:\WINDOWS\System32\IMM32.DLL
0x00000000660c0000 - 0x0000000066192000 	C:\Program Files\Java\jre1.8.0_241\bin\msvcr100.dll
0x0000000064cc0000 - 0x000000006556c000 	C:\Program Files\Java\jre1.8.0_241\bin\server\jvm.dll
0x00007ffe05730000 - 0x00007ffe05738000 	C:\WINDOWS\System32\PSAPI.DLL
0x00007ffdffe90000 - 0x00007ffdffeb4000 	C:\WINDOWS\SYSTEM32\WINMM.dll
0x00007ffdf0640000 - 0x00007ffdf0649000 	C:\WINDOWS\SYSTEM32\WSOCK32.dll
0x00007ffe056c0000 - 0x00007ffe0572f000 	C:\WINDOWS\System32\WS2_32.dll
0x00007ffdfe620000 - 0x00007ffdfe62a000 	C:\WINDOWS\SYSTEM32\VERSION.dll
0x00007ffdffe60000 - 0x00007ffdffe8d000 	C:\WINDOWS\SYSTEM32\WINMMBASE.dll
0x00007ffe03ec0000 - 0x00007ffe03f0a000 	C:\WINDOWS\System32\cfgmgr32.dll
0x00007ffdffc30000 - 0x00007ffdffc3f000 	C:\Program Files\Java\jre1.8.0_241\bin\verify.dll
0x00007ffdfd300000 - 0x00007ffdfd329000 	C:\Program Files\Java\jre1.8.0_241\bin\java.dll
0x00007ffdfda50000 - 0x00007ffdfda66000 	C:\Program Files\Java\jre1.8.0_241\bin\zip.dll
0x00007ffe047d0000 - 0x00007ffe04eb7000 	C:\WINDOWS\System32\SHELL32.dll
0x00007ffe05610000 - 0x00007ffe056b9000 	C:\WINDOWS\System32\shcore.dll
0x00007ffe03600000 - 0x00007ffe03d80000 	C:\WINDOWS\System32\windows.storage.dll
0x00007ffe03280000 - 0x00007ffe032a3000 	C:\WINDOWS\System32\profapi.dll
0x00007ffe03230000 - 0x00007ffe0327a000 	C:\WINDOWS\System32\powrprof.dll
0x00007ffe03200000 - 0x00007ffe03210000 	C:\WINDOWS\System32\UMPDC.dll
0x00007ffe05fb0000 - 0x00007ffe06002000 	C:\WINDOWS\System32\shlwapi.dll
0x00007ffe03210000 - 0x00007ffe03221000 	C:\WINDOWS\System32\kernel.appcore.dll
0x00007ffe03d80000 - 0x00007ffe03d97000 	C:\WINDOWS\System32\cryptsp.dll
0x0000000065ac0000 - 0x0000000065b0b000 	C:\Users\MiguelAlbarracin\AppData\Local\Temp\libgdxMiguelAlbarracin\7d76f548\gdx64.dll
0x00007ffe025c0000 - 0x00007ffe025f3000 	C:\WINDOWS\system32\rsaenh.dll
0x00007ffe035d0000 - 0x00007ffe035f6000 	C:\WINDOWS\System32\bcrypt.dll
0x00007ffe030e0000 - 0x00007ffe03105000 	C:\WINDOWS\SYSTEM32\USERENV.dll
0x00007ffe02c20000 - 0x00007ffe02c2c000 	C:\WINDOWS\SYSTEM32\CRYPTBASE.dll
0x00007ffdfd2e0000 - 0x00007ffdfd2fa000 	C:\Program Files\Java\jre1.8.0_241\bin\net.dll
0x00007ffe02a50000 - 0x00007ffe02ab7000 	C:\WINDOWS\system32\mswsock.dll
0x00007ffe02760000 - 0x00007ffe0279a000 	C:\WINDOWS\SYSTEM32\IPHLPAPI.DLL
0x00007ffe05770000 - 0x00007ffe05778000 	C:\WINDOWS\System32\NSI.dll
0x00007ffdfc8f0000 - 0x00007ffdfc906000 	C:\WINDOWS\SYSTEM32\dhcpcsvc6.DLL
0x00007ffdfcac0000 - 0x00007ffdfcadc000 	C:\WINDOWS\SYSTEM32\dhcpcsvc.DLL
0x00007ffe027a0000 - 0x00007ffe0286b000 	C:\WINDOWS\SYSTEM32\DNSAPI.dll
0x00007ffdfd2c0000 - 0x00007ffdfd2d2000 	C:\Program Files\Java\jre1.8.0_241\bin\nio.dll
0x0000000180000000 - 0x0000000180053000 	C:\Users\MiguelAlbarracin\AppData\Local\Temp\libgdxMiguelAlbarracin\1cecf4f6\lwjgl64.dll
0x00007ffdde180000 - 0x00007ffdde2d6000 	C:\WINDOWS\SYSTEM32\OPENGL32.dll
0x00007ffddeae0000 - 0x00007ffddeb0c000 	C:\WINDOWS\SYSTEM32\GLU32.dll
0x00007ffe01e50000 - 0x00007ffe01e70000 	C:\WINDOWS\SYSTEM32\dxcore.dll
0x00000000025e0000 - 0x0000000002644000 	C:\Users\MIGUEL~1\AppData\Local\Temp\libgdxMiguelAlbarracin\1cecf4f6\OpenAL64.dll
0x00007ffe04ec0000 - 0x00007ffe05017000 	C:\WINDOWS\System32\ole32.dll
0x00007ffe01550000 - 0x00007ffe015e9000 	C:\WINDOWS\system32\uxtheme.dll
0x00007ffe043f0000 - 0x00007ffe04492000 	C:\WINDOWS\System32\clbcatq.dll
0x00007ffddc500000 - 0x00007ffddc599000 	C:\WINDOWS\SYSTEM32\dsound.dll
0x00007ffdfcc10000 - 0x00007ffdfcc82000 	C:\WINDOWS\System32\MMDevApi.dll
0x00007ffe03010000 - 0x00007ffe0303a000 	C:\WINDOWS\System32\DEVOBJ.dll
0x00007ffdfc370000 - 0x00007ffdfc4cd000 	C:\WINDOWS\SYSTEM32\AUDIOSES.DLL
0x00007ffe045c0000 - 0x00007ffe04685000 	C:\WINDOWS\System32\OLEAUT32.dll
0x00007ffdfec90000 - 0x00007ffdfede3000 	C:\WINDOWS\SYSTEM32\wintypes.dll
0x00007ffe01880000 - 0x00007ffe01894000 	C:\WINDOWS\SYSTEM32\resourcepolicyclient.dll
0x00007ffdff500000 - 0x00007ffdff5ae000 	C:\WINDOWS\SYSTEM32\mscms.dll
0x00007ffdff2d0000 - 0x00007ffdff2e7000 	C:\WINDOWS\SYSTEM32\ColorAdapterClient.dll
0x00007ffdfb1d0000 - 0x00007ffdfb1ea000 	C:\Windows\System32\Windows.Internal.Graphics.Display.DisplayColorManagement.dll
0x00007ffe04690000 - 0x00007ffe047c5000 	C:\WINDOWS\System32\MSCTF.dll
0x00007ffde58d0000 - 0x00007ffde596e000 	C:\WINDOWS\System32\TextInputFramework.dll
0x00007ffdfdd10000 - 0x00007ffdfe03a000 	C:\WINDOWS\System32\CoreUIComponents.dll
0x00007ffe011a0000 - 0x00007ffe01274000 	C:\WINDOWS\System32\CoreMessaging.dll
0x00007ffe02240000 - 0x00007ffe02271000 	C:\WINDOWS\SYSTEM32\ntmarta.dll
0x00007ffdf21d0000 - 0x00007ffdf2476000 	C:\WINDOWS\System32\iertutil.dll
0x00007ffdf5a80000 - 0x00007ffdf5ae5000 	C:\WINDOWS\system32\Oleacc.dll
0x00007ffd9f810000 - 0x00007ffda0358000 	C:\WINDOWS\SYSTEM32\ig75icd64.dll
0x00007ffe01a60000 - 0x00007ffe01a8d000 	C:\WINDOWS\SYSTEM32\dwmapi.dll
0x00007ffdf7940000 - 0x00007ffdf8380000 	C:\WINDOWS\SYSTEM32\igdusc64.dll
0x00007ffdffa00000 - 0x00007ffdffa13000 	C:\WINDOWS\SYSTEM32\WTSAPI32.dll
0x00007ffddd390000 - 0x00007ffddd3d3000 	C:\WINDOWS\SYSTEM32\icm32.dll
0x00007ffe01ee0000 - 0x00007ffe01fcb000 	C:\WINDOWS\SYSTEM32\dxgi.dll
0x00007ffe00590000 - 0x00007ffe007eb000 	C:\WINDOWS\SYSTEM32\d3d11.dll
0x00007ffdf8460000 - 0x00007ffdf93be000 	C:\WINDOWS\SYSTEM32\igd10iumd64.dll
0x00007ffe02d20000 - 0x00007ffe02d46000 	C:\WINDOWS\SYSTEM32\ncrypt.dll
0x00007ffe02ce0000 - 0x00007ffe02d1b000 	C:\WINDOWS\SYSTEM32\NTASN1.dll
0x000000006e9c0000 - 0x000000006ea1b000 	C:\Users\MiguelAlbarracin\AppData\Local\Temp\libgdxMiguelAlbarracin\b8f13a6a\gdx-box2d64.dll
0x00007ffdf0230000 - 0x00007ffdf0424000 	C:\WINDOWS\SYSTEM32\dbghelp.dll

VM Arguments:
jvm_args: -Dfile.encoding=Cp1252 
java_command: com.gdxproject.game.desktop.DesktopLauncher
java_class_path (initial): C:\Users\MiguelAlbarracin\Desktop\ProjetoGame\2dJavaLIBGDX\GameProject\desktop\bin\main;C:\Users\MiguelAlbarracin\Desktop\ProjetoGame\2dJavaLIBGDX\GameProject\core\bin\default;C:\Users\MiguelAlbarracin\Desktop\ProjetoGame\2dJavaLIBGDX\GameProject\core\bin\main;C:\Users\MiguelAlbarracin\.gradle\caches\modules-2\files-2.1\com.badlogicgames.gdx\gdx-backend-lwjgl\1.9.10\8f88abd43500d94c486d25f04d642318da72773a\gdx-backend-lwjgl-1.9.10.jar;C:\Users\MiguelAlbarracin\.gradle\caches\modules-2\files-2.1\com.badlogicgames.gdx\gdx-platform\1.9.10\1907b49f8363dd1ee37d273854a9cc3c741a6e66\gdx-platform-1.9.10-natives-desktop.jar;C:\Users\MiguelAlbarracin\.gradle\caches\modules-2\files-2.1\com.badlogicgames.gdx\gdx-box2d-platform\1.9.10\91b19c283b24eec646a18e0e7b940c829920df4f\gdx-box2d-platform-1.9.10-natives-desktop.jar;C:\Users\MiguelAlbarracin\.gradle\caches\modules-2\files-2.1\com.badlogicgames.gdx\gdx-box2d\1.9.10\d68a7a3484d47529a8d23cd467579eb098b38a9e\gdx-box2d-1.9.10.jar;C:\Users\MiguelAlbarracin\.gradle\caches\modules-2\files-2.1\com.badlogicgames.gdx\gdx\1.9.10\79d9ad27bd5e3eb18c9ade61d3a27d7237695d53\gdx-1.9.10.jar;C:\Users\MiguelAlbarracin\.gradle\caches\modules-2\files-2.1\org.lwjgl.lwjgl\lwjgl_util\2.9.3\751f06b62424da056954c67288fd5c494431e350\lwjgl_util-2.9.3.jar;C:\Users\MiguelAlbarracin\.gradle\caches\modules-2\files-2.1\org.lwjgl.lwjgl\lwjgl\2.9.3\3df168ac74e4a8c96562cdff24ad352e255bf89c\lwjgl-2.9.3.jar;C:\Users\MiguelAlbarracin\.gradle\caches\modules-2\files-2.1\com.badlogicgames.jlayer\jlayer\1.0.1-gdx\7cca83cec5c1b2f011362f4d85aabd71a73b049d\jlayer-1.0.1-gdx.jar;C:\Users\MiguelAlbarracin\.gradle\caches\modules-2\files-2.1\org.jcraft\jorbis\0.0.17\8872d22b293e8f5d7d56ff92be966e6dc28ebdc6\jorbis-0.0.17.jar;C:\Users\MiguelAlbarracin\.gradle\caches\modules-2\files-2.1\org.lwjgl.lwjgl\lwjgl-platform\2.9.3\fbc2afb3e288578e9942578decb6291a490549a0\lwjgl-platform-2.9.3-natives-windows.jar;C:\Users\MiguelAlbarracin\.gradle\caches\modules
Launcher Type: SUN_STANDARD

Environment Variables:
JAVA_HOME=C:\Program Files\Java\jdk1.8.0_231
USERNAME=MiguelAlbarracin
OS=Windows_NT
PROCESSOR_IDENTIFIER=Intel64 Family 6 Model 60 Stepping 3, GenuineIntel



---------------  S Y S T E M  ---------------

OS: Windows 10.0 , 64 bit Build 18362 (10.0.18362.1082)

CPU:total 8 (initial active 8) (4 cores per cpu, 2 threads per core) family 6 model 60 stepping 3, cmov, cx8, fxsr, mmx, sse, sse2, sse3, ssse3, sse4.1, sse4.2, popcnt, avx, avx2, aes, clmul, erms, lzcnt, ht, tsc, tscinvbit, bmi1, bmi2

Memory: 4k page, physical 16691564k(5966728k free), swap 21934444k(6043048k free)

vm_info: Java HotSpot(TM) 64-Bit Server VM (25.241-b07) for windows-amd64 JRE (1.8.0_241-b07), built on Dec 11 2019 10:21:40 by "rejava" with MS VC++ 10.0 (VS2010)

time: Tue Sep 15 21:34:31 2020
timezone: Hora oficial do Brasil
elapsed time: 35 seconds (0d 0h 0m 35s)

