#
# A fatal error has been detected by the Java Runtime Environment:
#
#  EXCEPTION_ACCESS_VIOLATION (0xc0000005) at pc=0x000000006e9cbbb1, pid=21652, tid=0x0000000000005194
#
# JRE version: Java(TM) SE Runtime Environment (8.0_241-b07) (build 1.8.0_241-b07)
# Java VM: Java HotSpot(TM) 64-Bit Server VM (25.241-b07 mixed mode windows-amd64 compressed oops)
# Problematic frame:
# C  [gdx-box2d64.dll+0xbbb1]
#
# Failed to write core dump. Minidumps are not enabled by default on client versions of Windows
#
# If you would like to submit a bug report, please visit:
#   http://bugreport.java.com/bugreport/crash.jsp
# The crash happened outside the Java Virtual Machine in native code.
# See problematic frame for where to report the bug.
#

---------------  T H R E A D  ---------------

Current thread (0x000000001f82b800):  JavaThread "LWJGL Application" [_thread_in_native, id=20884, stack(0x0000000020990000,0x0000000020a90000)]

siginfo: ExceptionCode=0xc0000005, reading address 0x000000201ff609a0

Registers:
RAX=0x000000006ea10060, RBX=0x000000201ff609a0, RCX=0x000000001ff31360, RDX=0x00000000000000b8
RSP=0x0000000020a8e8c0, RBP=0x000000001ff31390, RSI=0x000000001ff31360, RDI=0x0000000020a8e980
R8 =0x000000001ff31360, R9 =0x0000000000000002, R10=0x0000000000000000, R11=0x0000000000000001
R12=0x0000000000000000, R13=0x0000000000000006, R14=0x0000000020a8eb68, R15=0x000000001f82b800
RIP=0x000000006e9cbbb1, EFLAGS=0x0000000000010206

Top of Stack: (sp=0x0000000020a8e8c0)
0x0000000020a8e8c0:   000000001c763a90 000000001f82b800
0x0000000020a8e8d0:   0000000065da6ce8 0000000068aeef80
0x0000000020a8e8e0:   0000000000000001 000000001ff31360
0x0000000020a8e8f0:   0000000020a8e980 0000000020a8eac0
0x0000000020a8e900:   0000000000000000 00000000650b1f60
0x0000000020a8e910:   0000000020a8eb68 000000006e9e1163
0x0000000020a8e920:   0000000020a8e9c0 0000000020a8e9c0
0x0000000020a8e930:   0000000000000003 000000001c763a90
0x0000000020a8e940:   0000000000000001 000000001bff0468
0x0000000020a8e950:   0000000002f87b30 000000006e9e6a36
0x0000000020a8e960:   0000000000000000 0000000002f87b30
0x0000000020a8e970:   0000000020a8eac0 0000000002f85798
0x0000000020a8e980:   417af74d00000002 000000003f21d90a
0x0000000020a8e990:   0000000000000000 0000000000000000
0x0000000020a8e9a0:   0000010100000000 0000000020a8eb01
0x0000000020a8e9b0:   0000000000000000 000000003f800000 

Instructions: (pc=0x000000006e9cbbb1)
0x000000006e9cbb91:   05 ca 44 04 00 44 0f b6 2c 18 41 80 fd 0d 4c 89
0x000000006e9cbba1:   eb 77 2c 48 8d 2c de 48 8b 5d 10 48 85 db 74 45
0x000000006e9cbbb1:   48 8b 03 48 89 45 10 48 89 d8 48 83 c4 20 5b 5e
0x000000006e9cbbc1:   5f 5d 41 5c 41 5d 41 5e c3 66 0f 1f 44 00 00 48 


Register to memory mapping:

RAX=0x000000006ea10060 is an unknown value
RBX=0x000000201ff609a0 is an unknown value
RCX=0x000000001ff31360 is an unknown value
RDX=0x00000000000000b8 is an unknown value
RSP=0x0000000020a8e8c0 is pointing into the stack for thread: 0x000000001f82b800
RBP=0x000000001ff31390 is an unknown value
RSI=0x000000001ff31360 is an unknown value
RDI=0x0000000020a8e980 is pointing into the stack for thread: 0x000000001f82b800
R8 =0x000000001ff31360 is an unknown value
R9 =0x0000000000000002 is an unknown value
R10=0x0000000000000000 is an unknown value
R11=0x0000000000000001 is an unknown value
R12=0x0000000000000000 is an unknown value
R13=0x0000000000000006 is an unknown value
R14=0x0000000020a8eb68 is pointing into the stack for thread: 0x000000001f82b800
R15=0x000000001f82b800 is a thread


Stack: [0x0000000020990000,0x0000000020a90000],  sp=0x0000000020a8e8c0,  free space=1018k
Native frames: (J=compiled Java code, j=interpreted, Vv=VM code, C=native code)
C  [gdx-box2d64.dll+0xbbb1]
C  [gdx-box2d64.dll+0x21163]
C  [gdx-box2d64.dll+0x26a36]
C  0x0000000002f98c67

Java frames: (J=compiled Java code, j=interpreted, Vv=VM code)
j  com.badlogic.gdx.physics.box2d.World.jniCreateBody(JIFFFFFFFFZZZZZF)J+0
j  com.badlogic.gdx.physics.box2d.World.createBody(Lcom/badlogic/gdx/physics/box2d/BodyDef;)Lcom/badlogic/gdx/physics/box2d/Body;+80
j  com.gdxproject.game.Sprites.Player.Bullet.defineFireBall()V+67
j  com.gdxproject.game.Sprites.Player.Bullet.<init>(Lcom/gdxproject/game/Screens/PlayScreen;FFZ)V+130
j  com.gdxproject.game.Sprites.Player.Player.fire(Lcom/gdxproject/game/Screens/PlayScreen;)V+41
J 1383 C1 com.gdxproject.game.Screens.PlayScreen.handleInput(F)V (249 bytes) @ 0x00000000034b6a4c [0x00000000034b5760+0x12ec]
J 1742 C1 com.gdxproject.game.Screens.PlayScreen.update(F)V (395 bytes) @ 0x0000000003608b9c [0x0000000003608b00+0x9c]
J 1739 C2 com.gdxproject.game.Screens.PlayScreen.render(F)V (274 bytes) @ 0x0000000003647d9c [0x0000000003647d60+0x3c]
J 1512 C1 com.gdxproject.game.GameProject.render()V (5 bytes) @ 0x000000000351e53c [0x000000000351e320+0x21c]
j  com.badlogic.gdx.backends.lwjgl.LwjglApplication.mainLoop()V+770
j  com.badlogic.gdx.backends.lwjgl.LwjglApplication$1.run()V+27
v  ~StubRoutines::call_stub

---------------  P R O C E S S  ---------------

Java Threads: ( => current thread )
  0x000000001fe80000 JavaThread "LWJGL Timer" daemon [_thread_blocked, id=24832, stack(0x0000000065410000,0x0000000065510000)]
  0x000000001fadb800 JavaThread "AssetManager" daemon [_thread_blocked, id=17156, stack(0x0000000064f10000,0x0000000065010000)]
  0x0000000002e84000 JavaThread "DestroyJavaVM" [_thread_blocked, id=13288, stack(0x0000000002d00000,0x0000000002e00000)]
=>0x000000001f82b800 JavaThread "LWJGL Application" [_thread_in_native, id=20884, stack(0x0000000020990000,0x0000000020a90000)]
  0x000000001e982800 JavaThread "Service Thread" daemon [_thread_blocked, id=7724, stack(0x000000001f4d0000,0x000000001f5d0000)]
  0x000000001e8fc800 JavaThread "C1 CompilerThread3" daemon [_thread_blocked, id=2924, stack(0x000000001f3d0000,0x000000001f4d0000)]
  0x000000001e8f9000 JavaThread "C2 CompilerThread2" daemon [_thread_blocked, id=14844, stack(0x000000001f2d0000,0x000000001f3d0000)]
  0x000000001e8f2800 JavaThread "C2 CompilerThread1" daemon [_thread_blocked, id=12164, stack(0x000000001f1d0000,0x000000001f2d0000)]
  0x000000001e8f0000 JavaThread "C2 CompilerThread0" daemon [_thread_blocked, id=23800, stack(0x000000001f0d0000,0x000000001f1d0000)]
  0x000000001e8ef000 JavaThread "Attach Listener" daemon [_thread_blocked, id=17176, stack(0x000000001efd0000,0x000000001f0d0000)]
  0x000000001e8ed000 JavaThread "Signal Dispatcher" daemon [_thread_blocked, id=16552, stack(0x000000001eed0000,0x000000001efd0000)]
  0x000000001e8e0800 JavaThread "Finalizer" daemon [_thread_blocked, id=17592, stack(0x000000001ecc0000,0x000000001edc0000)]
  0x000000001c9dc800 JavaThread "Reference Handler" daemon [_thread_blocked, id=22612, stack(0x000000001e7c0000,0x000000001e8c0000)]

Other Threads:
  0x000000001c9d9800 VMThread [stack: 0x000000001e6c0000,0x000000001e7c0000] [id=11556]
  0x000000001e9a5000 WatcherThread [stack: 0x000000001f5d0000,0x000000001f6d0000] [id=16500]

VM state:not at safepoint (normal execution)

VM Mutex/Monitor currently owned by a thread: None

heap address: 0x00000006c1400000, size: 4076 MB, Compressed Oops mode: Zero based, Oop shift amount: 3
Narrow klass base: 0x0000000000000000, Narrow klass shift: 3
Compressed class space size: 1073741824 Address: 0x00000007c0000000

Heap:
 PSYoungGen      total 76288K, used 11144K [0x000000076b180000, 0x0000000770680000, 0x00000007c0000000)
  eden space 65536K, 2% used [0x000000076b180000,0x000000076b3371d0,0x000000076f180000)
  from space 10752K, 87% used [0x000000076f180000,0x000000076faab1e0,0x000000076fc00000)
  to   space 10752K, 0% used [0x000000076fc00000,0x000000076fc00000,0x0000000770680000)
 ParOldGen       total 175104K, used 120K [0x00000006c1400000, 0x00000006cbf00000, 0x000000076b180000)
  object space 175104K, 0% used [0x00000006c1400000,0x00000006c141e020,0x00000006cbf00000)
 Metaspace       used 10596K, capacity 10839K, committed 11136K, reserved 1058816K
  class space    used 1021K, capacity 1088K, committed 1152K, reserved 1048576K

Card table byte_map: [0x0000000012340000,0x0000000012b40000] byte_map_base: 0x000000000ed36000

Marking Bits: (ParMarkBitMap*) 0x0000000065f8be30
 Begin Bits: [0x0000000013890000, 0x0000000017840000)
 End Bits:   [0x0000000017840000, 0x000000001b7f0000)

Polling page: 0x00000000014b0000

CodeCache: size=245760Kb used=6964Kb max_used=6977Kb free=238795Kb
 bounds [0x0000000002f80000, 0x0000000003660000, 0x0000000011f80000]
 total_blobs=2280 nmethods=1750 adapters=442
 compilation: enabled

Compilation events (10 events):
Event: 39.499 Thread 0x000000001e8f9000 1746       4       com.badlogic.gdx.scenes.scene2d.Group::drawChildren (551 bytes)
Event: 39.524 Thread 0x000000001e8f9000 nmethod 1746 0x0000000003642dd0 code [0x0000000003643080, 0x00000000036448c8]
Event: 40.331 Thread 0x000000001e8fc800 1747       3       com.badlogic.gdx.physics.box2d.Box2DDebugRenderer::render (14 bytes)
Event: 40.332 Thread 0x000000001e8fc800 nmethod 1747 0x00000000036425d0 code [0x0000000003642760, 0x0000000003642b18]
Event: 40.332 Thread 0x000000001e8fc800 1748       3       com.badlogic.gdx.graphics.glutils.ShapeRenderer::setProjectionMatrix (15 bytes)
Event: 40.332 Thread 0x000000001e8fc800 nmethod 1748 0x0000000003641fd0 code [0x0000000003642140, 0x0000000003642428]
Event: 40.748 Thread 0x000000001e8fc800 1749       3       com.gdxproject.game.Sprites.Player.Bullet::update (182 bytes)
Event: 40.749 Thread 0x000000001e8fc800 nmethod 1749 0x0000000003640890 code [0x0000000003640b20, 0x0000000003641b08]
Event: 41.264 Thread 0x000000001e8f0000 1750       4       org.lwjgl.opengl.WindowsMouse::poll (222 bytes)
Event: 41.273 Thread 0x000000001e8f0000 nmethod 1750 0x000000000363fc90 code [0x000000000363fde0, 0x00000000036403f8]

GC Heap History (2 events):
Event: 23.603 GC heap before
{Heap before GC invocations=1 (full 0):
 PSYoungGen      total 76288K, used 65536K [0x000000076b180000, 0x0000000770680000, 0x00000007c0000000)
  eden space 65536K, 100% used [0x000000076b180000,0x000000076f180000,0x000000076f180000)
  from space 10752K, 0% used [0x000000076fc00000,0x000000076fc00000,0x0000000770680000)
  to   space 10752K, 0% used [0x000000076f180000,0x000000076f180000,0x000000076fc00000)
 ParOldGen       total 175104K, used 0K [0x00000006c1400000, 0x00000006cbf00000, 0x000000076b180000)
  object space 175104K, 0% used [0x00000006c1400000,0x00000006c1400000,0x00000006cbf00000)
 Metaspace       used 10566K, capacity 10775K, committed 10880K, reserved 1058816K
  class space    used 1020K, capacity 1088K, committed 1152K, reserved 1048576K
Event: 23.611 GC heap after
Heap after GC invocations=1 (full 0):
 PSYoungGen      total 76288K, used 9388K [0x000000076b180000, 0x0000000770680000, 0x00000007c0000000)
  eden space 65536K, 0% used [0x000000076b180000,0x000000076b180000,0x000000076f180000)
  from space 10752K, 87% used [0x000000076f180000,0x000000076faab1e0,0x000000076fc00000)
  to   space 10752K, 0% used [0x000000076fc00000,0x000000076fc00000,0x0000000770680000)
 ParOldGen       total 175104K, used 120K [0x00000006c1400000, 0x00000006cbf00000, 0x000000076b180000)
  object space 175104K, 0% used [0x00000006c1400000,0x00000006c141e020,0x00000006cbf00000)
 Metaspace       used 10566K, capacity 10775K, committed 10880K, reserved 1058816K
  class space    used 1020K, capacity 1088K, committed 1152K, reserved 1048576K
}

Deoptimization events (10 events):
Event: 14.507 Thread 0x000000001f82b800 Uncommon trap: reason=class_check action=maybe_recompile pc=0x000000000331d234 method=com.badlogic.gdx.graphics.g2d.TextureRegion.setRegion(IIII)V @ 50
Event: 14.507 Thread 0x000000001f82b800 Uncommon trap: reason=class_check action=maybe_recompile pc=0x000000000331d234 method=com.badlogic.gdx.graphics.g2d.TextureRegion.setRegion(IIII)V @ 50
Event: 14.507 Thread 0x000000001f82b800 Uncommon trap: reason=class_check action=maybe_recompile pc=0x000000000331d234 method=com.badlogic.gdx.graphics.g2d.TextureRegion.setRegion(IIII)V @ 50
Event: 14.713 Thread 0x000000001f82b800 Uncommon trap: reason=bimorphic action=maybe_recompile pc=0x000000000333b8c0 method=java.io.BufferedInputStream.read([BII)I @ 101
Event: 14.721 Thread 0x000000001f82b800 Uncommon trap: reason=unstable_if action=reinterpret pc=0x00000000034d5b90 method=com.badlogic.gdx.graphics.g2d.Sprite.translate(FF)V @ 24
Event: 14.947 Thread 0x000000001f82b800 Uncommon trap: reason=unstable_if action=reinterpret pc=0x00000000034404e0 method=com.badlogic.gdx.physics.box2d.Fixture.getShape()Lcom/badlogic/gdx/physics/box2d/Shape; @ 4
Event: 24.520 Thread 0x000000001f82b800 Uncommon trap: reason=unstable_if action=reinterpret pc=0x00000000035d19e8 method=com.gdxproject.game.Sprites.Enemies.Enemy2.draw(Lcom/badlogic/gdx/graphics/g2d/Batch;)V @ 4
Event: 24.587 Thread 0x000000001f82b800 Uncommon trap: reason=unstable_if action=reinterpret pc=0x00000000035e923c method=com.gdxproject.game.Sprites.Enemies.Enemy2.update(F)V @ 14
Event: 34.600 Thread 0x000000001f82b800 Uncommon trap: reason=unstable_if action=reinterpret pc=0x000000000324e4b8 method=javazoom.jl.decoder.OutputBuffer.clip(F)S @ 4
Event: 38.532 Thread 0x000000001f82b800 Uncommon trap: reason=unstable_if action=reinterpret pc=0x000000000363543c method=com.gdxproject.game.Screens.PlayScreen.handleInput(F)V @ 193

Classes redefined (0 events):
No events

Internal exceptions (10 events):
Event: 0.672 Thread 0x0000000002e84000 Exception <a 'java/security/PrivilegedActionException'> (0x000000076b67f048) thrown at [C:\ade\jenkins\workspace\8-2-build-windows-amd64-cygwin\jdk8u241\331\hotspot\src\share\vm\prims\jvm.cpp, line 1502]
Event: 0.672 Thread 0x0000000002e84000 Exception <a 'java/security/PrivilegedActionException'> (0x000000076b680d20) thrown at [C:\ade\jenkins\workspace\8-2-build-windows-amd64-cygwin\jdk8u241\331\hotspot\src\share\vm\prims\jvm.cpp, line 1502]
Event: 0.672 Thread 0x0000000002e84000 Exception <a 'java/security/PrivilegedActionException'> (0x000000076b681e90) thrown at [C:\ade\jenkins\workspace\8-2-build-windows-amd64-cygwin\jdk8u241\331\hotspot\src\share\vm\prims\jvm.cpp, line 1502]
Event: 0.673 Thread 0x0000000002e84000 Exception <a 'java/security/PrivilegedActionException'> (0x000000076b686ff8) thrown at [C:\ade\jenkins\workspace\8-2-build-windows-amd64-cygwin\jdk8u241\331\hotspot\src\share\vm\prims\jvm.cpp, line 1502]
Event: 0.673 Thread 0x0000000002e84000 Exception <a 'java/security/PrivilegedActionException'> (0x000000076b687c50) thrown at [C:\ade\jenkins\workspace\8-2-build-windows-amd64-cygwin\jdk8u241\331\hotspot\src\share\vm\prims\jvm.cpp, line 1502]
Event: 0.673 Thread 0x0000000002e84000 Exception <a 'java/security/PrivilegedActionException'> (0x000000076b688878) thrown at [C:\ade\jenkins\workspace\8-2-build-windows-amd64-cygwin\jdk8u241\331\hotspot\src\share\vm\prims\jvm.cpp, line 1502]
Event: 1.364 Thread 0x000000001fadb800 Exception <a 'java/lang/NoSuchFieldError': method resolution failed> (0x000000076c8d33d0) thrown at [C:\ade\jenkins\workspace\8-2-build-windows-amd64-cygwin\jdk8u241\331\hotspot\src\share\vm\prims\methodHandles.cpp, line 1167]
Event: 1.365 Thread 0x000000001fadb800 Exception <a 'java/lang/NoSuchFieldError': method resolution failed> (0x000000076c8e0a90) thrown at [C:\ade\jenkins\workspace\8-2-build-windows-amd64-cygwin\jdk8u241\331\hotspot\src\share\vm\prims\methodHandles.cpp, line 1167]
Event: 12.290 Thread 0x000000001f82b800 Exception <a 'java/lang/ArrayIndexOutOfBoundsException': 580> (0x000000076e1a24c8) thrown at [C:\ade\jenkins\workspace\8-2-build-windows-amd64-cygwin\jdk8u241\331\hotspot\src\share\vm\interpreter\interpreterRuntime.cpp, line 368]
Event: 14.947 Thread 0x000000001f82b800 Implicit null exception at 0x000000000343ef9e to 0x00000000034404c1

Events (10 events):
Event: 24.520 Thread 0x000000001f82b800 DEOPT UNPACKING pc=0x0000000002fc583b sp=0x0000000020a8eef8 mode 2
Event: 24.587 Thread 0x000000001f82b800 Uncommon trap: trap_request=0xffffff65 fr.pc=0x00000000035e923c
Event: 24.587 Thread 0x000000001f82b800 DEOPT PACKING pc=0x00000000035e923c sp=0x0000000020a8ee90
Event: 24.587 Thread 0x000000001f82b800 DEOPT UNPACKING pc=0x0000000002fc583b sp=0x0000000020a8ee78 mode 2
Event: 34.600 Thread 0x000000001f82b800 Uncommon trap: trap_request=0xffffff65 fr.pc=0x000000000324e4b8
Event: 34.600 Thread 0x000000001f82b800 DEOPT PACKING pc=0x000000000324e4b8 sp=0x0000000020a8ed30
Event: 34.600 Thread 0x000000001f82b800 DEOPT UNPACKING pc=0x0000000002fc583b sp=0x0000000020a8ec70 mode 2
Event: 38.532 Thread 0x000000001f82b800 Uncommon trap: trap_request=0xffffff65 fr.pc=0x000000000363543c
Event: 38.532 Thread 0x000000001f82b800 DEOPT PACKING pc=0x000000000363543c sp=0x0000000020a8ee90
Event: 38.532 Thread 0x000000001f82b800 DEOPT UNPACKING pc=0x0000000002fc583b sp=0x0000000020a8ee38 mode 2


Dynamic libraries:
0x00007ff6050d0000 - 0x00007ff605107000 	C:\Program Files\Java\jre1.8.0_241\bin\javaw.exe
0x00007ffc4a810000 - 0x00007ffc4aa05000 	C:\WINDOWS\SYSTEM32\ntdll.dll
0x00007ffc48990000 - 0x00007ffc48a4d000 	C:\WINDOWS\System32\KERNEL32.DLL
0x00007ffc48430000 - 0x00007ffc486f7000 	C:\WINDOWS\System32\KERNELBASE.dll
0x00007ffc49650000 - 0x00007ffc496fa000 	C:\WINDOWS\System32\ADVAPI32.dll
0x00007ffc49eb0000 - 0x00007ffc49f4e000 	C:\WINDOWS\System32\msvcrt.dll
0x00007ffc49b70000 - 0x00007ffc49c0b000 	C:\WINDOWS\System32\sechost.dll
0x00007ffc49f50000 - 0x00007ffc4a074000 	C:\WINDOWS\System32\RPCRT4.dll
0x00007ffc48b80000 - 0x00007ffc48d20000 	C:\WINDOWS\System32\USER32.dll
0x00007ffc480d0000 - 0x00007ffc480f2000 	C:\WINDOWS\System32\win32u.dll
0x00007ffc48ee0000 - 0x00007ffc48f0a000 	C:\WINDOWS\System32\GDI32.dll
0x00007ffc48760000 - 0x00007ffc48869000 	C:\WINDOWS\System32\gdi32full.dll
0x00007ffc48100000 - 0x00007ffc4819d000 	C:\WINDOWS\System32\msvcp_win.dll
0x00007ffc47f80000 - 0x00007ffc48080000 	C:\WINDOWS\System32\ucrtbase.dll
0x00007ffc34390000 - 0x00007ffc3462b000 	C:\WINDOWS\WinSxS\amd64_microsoft.windows.common-controls_6595b64144ccf1df_6.0.19041.488_none_ca04af081b815d21\COMCTL32.dll
0x00007ffc48f10000 - 0x00007ffc48f40000 	C:\WINDOWS\System32\IMM32.DLL
0x0000000066980000 - 0x0000000066a52000 	C:\Program Files\Java\jre1.8.0_241\bin\msvcr100.dll
0x0000000065760000 - 0x000000006600c000 	C:\Program Files\Java\jre1.8.0_241\bin\server\jvm.dll
0x00007ffc49270000 - 0x00007ffc49278000 	C:\WINDOWS\System32\PSAPI.DLL
0x00007ffc33320000 - 0x00007ffc33329000 	C:\WINDOWS\SYSTEM32\WSOCK32.dll
0x00007ffc3a910000 - 0x00007ffc3a937000 	C:\WINDOWS\SYSTEM32\WINMM.dll
0x00007ffc41640000 - 0x00007ffc4164a000 	C:\WINDOWS\SYSTEM32\VERSION.dll
0x00007ffc49280000 - 0x00007ffc492eb000 	C:\WINDOWS\System32\WS2_32.dll
0x00007ffc42ef0000 - 0x00007ffc42eff000 	C:\Program Files\Java\jre1.8.0_241\bin\verify.dll
0x00007ffc2c090000 - 0x00007ffc2c0b9000 	C:\Program Files\Java\jre1.8.0_241\bin\java.dll
0x00007ffc3e370000 - 0x00007ffc3e386000 	C:\Program Files\Java\jre1.8.0_241\bin\zip.dll
0x00007ffc4a080000 - 0x00007ffc4a7c1000 	C:\WINDOWS\System32\SHELL32.dll
0x00007ffc460b0000 - 0x00007ffc46843000 	C:\WINDOWS\SYSTEM32\windows.storage.dll
0x00007ffc492f0000 - 0x00007ffc49645000 	C:\WINDOWS\System32\combase.dll
0x00007ffc479c0000 - 0x00007ffc479ec000 	C:\WINDOWS\SYSTEM32\Wldp.dll
0x00007ffc48a50000 - 0x00007ffc48afe000 	C:\WINDOWS\System32\SHCORE.dll
0x00007ffc49030000 - 0x00007ffc49085000 	C:\WINDOWS\System32\shlwapi.dll
0x00007ffc47e80000 - 0x00007ffc47ea6000 	C:\WINDOWS\SYSTEM32\profapi.dll
0x0000000002e00000 - 0x0000000002e4b000 	C:\Users\MiguelAlbarracin\AppData\Local\Temp\libgdxMiguelAlbarracin\7d76f548\gdx64.dll
0x00007ffc47910000 - 0x00007ffc47928000 	C:\WINDOWS\SYSTEM32\CRYPTSP.dll
0x00007ffc47060000 - 0x00007ffc47094000 	C:\WINDOWS\system32\rsaenh.dll
0x00007ffc47f50000 - 0x00007ffc47f77000 	C:\WINDOWS\System32\bcrypt.dll
0x00007ffc47e40000 - 0x00007ffc47e6e000 	C:\WINDOWS\SYSTEM32\USERENV.dll
0x00007ffc481a0000 - 0x00007ffc4821f000 	C:\WINDOWS\System32\bcryptprimitives.dll
0x00007ffc47930000 - 0x00007ffc4793c000 	C:\WINDOWS\SYSTEM32\CRYPTBASE.dll
0x00007ffc3a960000 - 0x00007ffc3a97a000 	C:\Program Files\Java\jre1.8.0_241\bin\net.dll
0x00007ffc47740000 - 0x00007ffc477aa000 	C:\WINDOWS\system32\mswsock.dll
0x00007ffc473e0000 - 0x00007ffc4741b000 	C:\WINDOWS\SYSTEM32\IPHLPAPI.DLL
0x00007ffc49c10000 - 0x00007ffc49c19000 	C:\WINDOWS\System32\NSI.dll
0x00007ffc40b70000 - 0x00007ffc40b87000 	C:\WINDOWS\SYSTEM32\dhcpcsvc6.DLL
0x00007ffc41620000 - 0x00007ffc4163d000 	C:\WINDOWS\SYSTEM32\dhcpcsvc.DLL
0x00007ffc47430000 - 0x00007ffc474fb000 	C:\WINDOWS\SYSTEM32\DNSAPI.dll
0x00007ffc39eb0000 - 0x00007ffc39ec2000 	C:\Program Files\Java\jre1.8.0_241\bin\nio.dll
0x0000000180000000 - 0x0000000180053000 	C:\Users\MiguelAlbarracin\AppData\Local\Temp\libgdxMiguelAlbarracin\1cecf4f6\lwjgl64.dll
0x00007ffc267d0000 - 0x00007ffc268f5000 	C:\WINDOWS\SYSTEM32\OPENGL32.dll
0x00007ffc37aa0000 - 0x00007ffc37acc000 	C:\WINDOWS\SYSTEM32\GLU32.dll
0x0000000020350000 - 0x00000000203b4000 	C:\Users\MIGUEL~1\AppData\Local\Temp\libgdxMiguelAlbarracin\1cecf4f6\OpenAL64.dll
0x00007ffc49140000 - 0x00007ffc49269000 	C:\WINDOWS\System32\ole32.dll
0x00007ffc45eb0000 - 0x00007ffc45ec3000 	C:\WINDOWS\SYSTEM32\kernel.appcore.dll
0x00007ffc459f0000 - 0x00007ffc45a8f000 	C:\WINDOWS\system32\uxtheme.dll
0x00007ffc49090000 - 0x00007ffc49138000 	C:\WINDOWS\System32\clbcatq.dll
0x00007ffc29630000 - 0x00007ffc296cc000 	C:\WINDOWS\SYSTEM32\dsound.dll
0x00007ffc395b0000 - 0x00007ffc395d6000 	C:\WINDOWS\SYSTEM32\winmmbase.dll
0x00007ffc47500000 - 0x00007ffc4754b000 	C:\WINDOWS\SYSTEM32\powrprof.dll
0x00007ffc473c0000 - 0x00007ffc473d2000 	C:\WINDOWS\SYSTEM32\UMPDC.dll
0x00007ffc42380000 - 0x00007ffc42405000 	C:\WINDOWS\System32\MMDevApi.dll
0x00007ffc47d00000 - 0x00007ffc47d2c000 	C:\WINDOWS\System32\DEVOBJ.dll
0x00007ffc48080000 - 0x00007ffc480cd000 	C:\WINDOWS\System32\cfgmgr32.dll
0x00007ffc42940000 - 0x00007ffc42ac0000 	C:\WINDOWS\SYSTEM32\AUDIOSES.DLL
0x00007ffc48d20000 - 0x00007ffc48ded000 	C:\WINDOWS\System32\OLEAUT32.dll
0x00007ffc45ad0000 - 0x00007ffc45ae4000 	C:\WINDOWS\SYSTEM32\resourcepolicyclient.dll
0x00007ffc434a0000 - 0x00007ffc4354e000 	C:\WINDOWS\SYSTEM32\mscms.dll
0x00007ffc43340000 - 0x00007ffc43351000 	C:\WINDOWS\SYSTEM32\ColorAdapterClient.dll
0x00007ffc3e7b0000 - 0x00007ffc3e7f3000 	C:\Windows\System32\Windows.Internal.Graphics.Display.DisplayColorManagement.dll
0x00007ffc48870000 - 0x00007ffc48985000 	C:\WINDOWS\System32\MSCTF.dll
0x00007ffc3a230000 - 0x00007ffc3a32d000 	C:\WINDOWS\SYSTEM32\textinputframework.dll
0x00007ffc451b0000 - 0x00007ffc4550a000 	C:\WINDOWS\System32\CoreUIComponents.dll
0x00007ffc45510000 - 0x00007ffc45602000 	C:\WINDOWS\System32\CoreMessaging.dll
0x00007ffc46ca0000 - 0x00007ffc46cd3000 	C:\WINDOWS\SYSTEM32\ntmarta.dll
0x00007ffc44ae0000 - 0x00007ffc44c36000 	C:\WINDOWS\SYSTEM32\wintypes.dll
0x00007ffc34a60000 - 0x00007ffc34ac6000 	C:\WINDOWS\system32\Oleacc.dll
0x00007ffc408d0000 - 0x00007ffc409cb000 	C:\Windows\System32\AppXDeploymentClient.dll
0x00007ffbfc200000 - 0x00007ffbfcd48000 	C:\WINDOWS\SYSTEM32\ig75icd64.dll
0x00007ffc3b220000 - 0x00007ffc3bc60000 	C:\WINDOWS\SYSTEM32\igdusc64.dll
0x00007ffc43be0000 - 0x00007ffc43bf4000 	C:\WINDOWS\SYSTEM32\WTSAPI32.dll
0x00007ffc45cd0000 - 0x00007ffc45cff000 	C:\WINDOWS\SYSTEM32\dwmapi.dll
0x00007ffc42450000 - 0x00007ffc4248b000 	C:\WINDOWS\SYSTEM32\dxcore.dll
0x00007ffc283a0000 - 0x00007ffc283e3000 	C:\WINDOWS\SYSTEM32\icm32.dll
0x00007ffc468b0000 - 0x00007ffc469a3000 	C:\WINDOWS\SYSTEM32\dxgi.dll
0x00007ffc43d20000 - 0x00007ffc43f83000 	C:\WINDOWS\SYSTEM32\d3d11.dll
0x00007ffc3bf20000 - 0x00007ffc3ce7e000 	C:\WINDOWS\SYSTEM32\igd10iumd64.dll
0x00007ffc47a30000 - 0x00007ffc47a57000 	C:\WINDOWS\SYSTEM32\ncrypt.dll
0x00007ffc479f0000 - 0x00007ffc47a2b000 	C:\WINDOWS\SYSTEM32\NTASN1.dll
0x000000006e9c0000 - 0x000000006ea1b000 	C:\Users\MiguelAlbarracin\AppData\Local\Temp\libgdxMiguelAlbarracin\b8f13a6a\gdx-box2d64.dll
0x00007ffc3fb90000 - 0x00007ffc3fd74000 	C:\WINDOWS\SYSTEM32\dbghelp.dll

VM Arguments:
jvm_args: -Dfile.encoding=Cp1252 
java_command: com.gdxproject.game.desktop.DesktopLauncher
java_class_path (initial): C:\Users\MiguelAlbarracin\Desktop\ProjetoGame\2dJavaLIBGDX\GameProject\desktop\bin\main;C:\Users\MiguelAlbarracin\Desktop\ProjetoGame\2dJavaLIBGDX\GameProject\core\bin\default;C:\Users\MiguelAlbarracin\Desktop\ProjetoGame\2dJavaLIBGDX\GameProject\core\bin\main;C:\Users\MiguelAlbarracin\.gradle\caches\modules-2\files-2.1\com.badlogicgames.gdx\gdx-backend-lwjgl\1.9.10\8f88abd43500d94c486d25f04d642318da72773a\gdx-backend-lwjgl-1.9.10.jar;C:\Users\MiguelAlbarracin\.gradle\caches\modules-2\files-2.1\com.badlogicgames.gdx\gdx-platform\1.9.10\1907b49f8363dd1ee37d273854a9cc3c741a6e66\gdx-platform-1.9.10-natives-desktop.jar;C:\Users\MiguelAlbarracin\.gradle\caches\modules-2\files-2.1\com.badlogicgames.gdx\gdx-box2d-platform\1.9.10\91b19c283b24eec646a18e0e7b940c829920df4f\gdx-box2d-platform-1.9.10-natives-desktop.jar;C:\Users\MiguelAlbarracin\.gradle\caches\modules-2\files-2.1\com.badlogicgames.gdx\gdx-box2d\1.9.10\d68a7a3484d47529a8d23cd467579eb098b38a9e\gdx-box2d-1.9.10.jar;C:\Users\MiguelAlbarracin\.gradle\caches\modules-2\files-2.1\com.badlogicgames.gdx\gdx\1.9.10\79d9ad27bd5e3eb18c9ade61d3a27d7237695d53\gdx-1.9.10.jar;C:\Users\MiguelAlbarracin\.gradle\caches\modules-2\files-2.1\org.lwjgl.lwjgl\lwjgl_util\2.9.3\751f06b62424da056954c67288fd5c494431e350\lwjgl_util-2.9.3.jar;C:\Users\MiguelAlbarracin\.gradle\caches\modules-2\files-2.1\org.lwjgl.lwjgl\lwjgl\2.9.3\3df168ac74e4a8c96562cdff24ad352e255bf89c\lwjgl-2.9.3.jar;C:\Users\MiguelAlbarracin\.gradle\caches\modules-2\files-2.1\com.badlogicgames.jlayer\jlayer\1.0.1-gdx\7cca83cec5c1b2f011362f4d85aabd71a73b049d\jlayer-1.0.1-gdx.jar;C:\Users\MiguelAlbarracin\.gradle\caches\modules-2\files-2.1\org.jcraft\jorbis\0.0.17\8872d22b293e8f5d7d56ff92be966e6dc28ebdc6\jorbis-0.0.17.jar;C:\Users\MiguelAlbarracin\.gradle\caches\modules-2\files-2.1\org.lwjgl.lwjgl\lwjgl-platform\2.9.3\fbc2afb3e288578e9942578decb6291a490549a0\lwjgl-platform-2.9.3-natives-windows.jar;C:\Users\MiguelAlbarracin\.gradle\caches\modules
Launcher Type: SUN_STANDARD

Environment Variables:
JAVA_HOME=C:\Program Files\Java\jdk1.8.0_231
USERNAME=MiguelAlbarracin
OS=Windows_NT
PROCESSOR_IDENTIFIER=Intel64 Family 6 Model 60 Stepping 3, GenuineIntel



---------------  S Y S T E M  ---------------

OS: Windows 10.0 , 64 bit Build 19041 (10.0.19041.292)

CPU:total 8 (initial active 8) (4 cores per cpu, 2 threads per core) family 6 model 60 stepping 3, cmov, cx8, fxsr, mmx, sse, sse2, sse3, ssse3, sse4.1, sse4.2, popcnt, avx, avx2, aes, clmul, erms, lzcnt, ht, tsc, tscinvbit, bmi1, bmi2

Memory: 4k page, physical 16691564k(8131780k free), swap 19181932k(6565760k free)

vm_info: Java HotSpot(TM) 64-Bit Server VM (25.241-b07) for windows-amd64 JRE (1.8.0_241-b07), built on Dec 11 2019 10:21:40 by "rejava" with MS VC++ 10.0 (VS2010)

time: Sat Sep 19 20:03:08 2020
timezone: Hora oficial do Brasil
elapsed time: 42 seconds (0d 0h 0m 42s)

