#
# A fatal error has been detected by the Java Runtime Environment:
#
#  EXCEPTION_ACCESS_VIOLATION (0xc0000005) at pc=0x000000006e9cbbb1, pid=9432, tid=0x0000000000002fa8
#
# JRE version: Java(TM) SE Runtime Environment (8.0_241-b07) (build 1.8.0_241-b07)
# Java VM: Java HotSpot(TM) 64-Bit Server VM (25.241-b07 mixed mode windows-amd64 compressed oops)
# Problematic frame:
# C  [gdx-box2d64.dll+0xbbb1]
#
# Failed to write core dump. Minidumps are not enabled by default on client versions of Windows
#
# If you would like to submit a bug report, please visit:
#   http://bugreport.java.com/bugreport/crash.jsp
# The crash happened outside the Java Virtual Machine in native code.
# See problematic frame for where to report the bug.
#

---------------  T H R E A D  ---------------

Current thread (0x000000001f249000):  JavaThread "LWJGL Application" [_thread_in_native, id=12200, stack(0x0000000020500000,0x0000000020600000)]

siginfo: ExceptionCode=0xc0000005, reading address 0x000000201f9e0520

Registers:
RAX=0x000000006ea10060, RBX=0x000000201f9e0520, RCX=0x000000001f9b1360, RDX=0x00000000000000b8
RSP=0x00000000205feba0, RBP=0x000000001f9b1390, RSI=0x000000001f9b1360, RDI=0x00000000205fec60
R8 =0x000000001f9b1360, R9 =0x0000000000000002, R10=0x0000000000000000, R11=0x0000000000000001
R12=0x0000000000000000, R13=0x0000000000000006, R14=0x00000000205fee48, R15=0x000000001f249000
RIP=0x000000006e9cbbb1, EFLAGS=0x0000000000010202

Top of Stack: (sp=0x00000000205feba0)
0x00000000205feba0:   0000000064bc3ed8 000000001f249000
0x00000000205febb0:   0000000065da6ce8 000000001f239970
0x00000000205febc0:   0000000000000001 000000001f9b1360
0x00000000205febd0:   00000000205fec60 00000000205feda0
0x00000000205febe0:   0000000000000000 0000000064bc3ed8
0x00000000205febf0:   00000000205fee48 000000006e9e1163
0x00000000205fec00:   00000000205feca0 00000000205feca0
0x00000000205fec10:   0000000700000003 0000000064bc3ed8
0x00000000205fec20:   0000000000000001 000000001ba70468
0x00000000205fec30:   0000000002a07b30 000000006e9e6a36
0x00000000205fec40:   0000000000000000 0000000002a07b30
0x00000000205fec50:   00000000205feda0 0000000002a05798
0x00000000205fec60:   417fafb100000002 000000003e9a734c
0x00000000205fec70:   0000000000000000 0000000000000000
0x00000000205fec80:   0000010100000000 00000000205fee01
0x00000000205fec90:   0000000000000000 000000003f800000 

Instructions: (pc=0x000000006e9cbbb1)
0x000000006e9cbb91:   05 ca 44 04 00 44 0f b6 2c 18 41 80 fd 0d 4c 89
0x000000006e9cbba1:   eb 77 2c 48 8d 2c de 48 8b 5d 10 48 85 db 74 45
0x000000006e9cbbb1:   48 8b 03 48 89 45 10 48 89 d8 48 83 c4 20 5b 5e
0x000000006e9cbbc1:   5f 5d 41 5c 41 5d 41 5e c3 66 0f 1f 44 00 00 48 


Register to memory mapping:

RAX=0x000000006ea10060 is an unknown value
RBX=0x000000201f9e0520 is an unknown value
RCX=0x000000001f9b1360 is an unknown value
RDX=0x00000000000000b8 is an unknown value
RSP=0x00000000205feba0 is pointing into the stack for thread: 0x000000001f249000
RBP=0x000000001f9b1390 is an unknown value
RSI=0x000000001f9b1360 is an unknown value
RDI=0x00000000205fec60 is pointing into the stack for thread: 0x000000001f249000
R8 =0x000000001f9b1360 is an unknown value
R9 =0x0000000000000002 is an unknown value
R10=0x0000000000000000 is an unknown value
R11=0x0000000000000001 is an unknown value
R12=0x0000000000000000 is an unknown value
R13=0x0000000000000006 is an unknown value
R14=0x00000000205fee48 is pointing into the stack for thread: 0x000000001f249000
R15=0x000000001f249000 is a thread


Stack: [0x0000000020500000,0x0000000020600000],  sp=0x00000000205feba0,  free space=1018k
Native frames: (J=compiled Java code, j=interpreted, Vv=VM code, C=native code)
C  [gdx-box2d64.dll+0xbbb1]
C  [gdx-box2d64.dll+0x21163]
C  [gdx-box2d64.dll+0x26a36]
C  0x0000000002a18c67

Java frames: (J=compiled Java code, j=interpreted, Vv=VM code)
j  com.badlogic.gdx.physics.box2d.World.jniCreateBody(JIFFFFFFFFZZZZZF)J+0
j  com.badlogic.gdx.physics.box2d.World.createBody(Lcom/badlogic/gdx/physics/box2d/BodyDef;)Lcom/badlogic/gdx/physics/box2d/Body;+80
j  com.gdxproject.game.Sprites.Player.Bullet.defineFireBall()V+67
j  com.gdxproject.game.Sprites.Player.Bullet.<init>(Lcom/gdxproject/game/Screens/PlayScreen;FFZ)V+130
j  com.gdxproject.game.Sprites.Player.Player.fire(Lcom/gdxproject/game/Screens/PlayScreen;)V+41
J 1604 C2 com.gdxproject.game.Screens.PlayScreen.update(F)V (366 bytes) @ 0x000000000303a764 [0x0000000003037220+0x3544]
J 1605 C2 com.gdxproject.game.Screens.PlayScreen.render(F)V (274 bytes) @ 0x00000000030214fc [0x00000000030214c0+0x3c]
J 1496 C1 com.gdxproject.game.GameProject.render()V (5 bytes) @ 0x0000000002f77fe4 [0x0000000002f77e20+0x1c4]
j  com.badlogic.gdx.backends.lwjgl.LwjglApplication.mainLoop()V+770
j  com.badlogic.gdx.backends.lwjgl.LwjglApplication$1.run()V+27
v  ~StubRoutines::call_stub

---------------  P R O C E S S  ---------------

Java Threads: ( => current thread )
  0x000000001f783000 JavaThread "LWJGL Timer" daemon [_thread_blocked, id=10532, stack(0x0000000064f30000,0x0000000065030000)]
  0x000000001f4d2800 JavaThread "AssetManager" daemon [_thread_blocked, id=2380, stack(0x0000000064a30000,0x0000000064b30000)]
  0x0000000002904000 JavaThread "DestroyJavaVM" [_thread_blocked, id=20276, stack(0x0000000002740000,0x0000000002840000)]
=>0x000000001f249000 JavaThread "LWJGL Application" [_thread_in_native, id=12200, stack(0x0000000020500000,0x0000000020600000)]
  0x000000001e406800 JavaThread "Service Thread" daemon [_thread_blocked, id=17084, stack(0x000000001ef50000,0x000000001f050000)]
  0x000000001e37b800 JavaThread "C1 CompilerThread3" daemon [_thread_blocked, id=10476, stack(0x000000001ee50000,0x000000001ef50000)]
  0x000000001e378000 JavaThread "C2 CompilerThread2" daemon [_thread_blocked, id=16860, stack(0x000000001ed50000,0x000000001ee50000)]
  0x000000001e375000 JavaThread "C2 CompilerThread1" daemon [_thread_blocked, id=6148, stack(0x000000001ec50000,0x000000001ed50000)]
  0x000000001e36f000 JavaThread "C2 CompilerThread0" daemon [_thread_blocked, id=10256, stack(0x000000001eb50000,0x000000001ec50000)]
  0x000000001e36e000 JavaThread "Attach Listener" daemon [_thread_blocked, id=17024, stack(0x000000001ea50000,0x000000001eb50000)]
  0x000000001c46e000 JavaThread "Signal Dispatcher" daemon [_thread_blocked, id=25548, stack(0x000000001e950000,0x000000001ea50000)]
  0x000000001e360800 JavaThread "Finalizer" daemon [_thread_blocked, id=17080, stack(0x000000001e740000,0x000000001e840000)]
  0x00000000029fb000 JavaThread "Reference Handler" daemon [_thread_blocked, id=9128, stack(0x000000001e240000,0x000000001e340000)]

Other Threads:
  0x000000001c45a800 VMThread [stack: 0x000000001e140000,0x000000001e240000] [id=1088]
  0x000000001e419000 WatcherThread [stack: 0x000000001f050000,0x000000001f150000] [id=1920]

VM state:not at safepoint (normal execution)

VM Mutex/Monitor currently owned by a thread: None

heap address: 0x00000006c1400000, size: 4076 MB, Compressed Oops mode: Zero based, Oop shift amount: 3
Narrow klass base: 0x0000000000000000, Narrow klass shift: 3
Compressed class space size: 1073741824 Address: 0x00000007c0000000

Heap:
 PSYoungGen      total 76288K, used 49810K [0x000000076b180000, 0x0000000770680000, 0x00000007c0000000)
  eden space 65536K, 76% used [0x000000076b180000,0x000000076e2249c0,0x000000076f180000)
  from space 10752K, 0% used [0x000000076fc00000,0x000000076fc00000,0x0000000770680000)
  to   space 10752K, 0% used [0x000000076f180000,0x000000076f180000,0x000000076fc00000)
 ParOldGen       total 175104K, used 0K [0x00000006c1400000, 0x00000006cbf00000, 0x000000076b180000)
  object space 175104K, 0% used [0x00000006c1400000,0x00000006c1400000,0x00000006cbf00000)
 Metaspace       used 10522K, capacity 10759K, committed 10880K, reserved 1058816K
  class space    used 1017K, capacity 1088K, committed 1152K, reserved 1048576K

Card table byte_map: [0x0000000011dc0000,0x00000000125c0000] byte_map_base: 0x000000000e7b6000

Marking Bits: (ParMarkBitMap*) 0x0000000065f8be30
 Begin Bits: [0x0000000013310000, 0x00000000172c0000)
 End Bits:   [0x00000000172c0000, 0x000000001b270000)

Polling page: 0x0000000000f10000

CodeCache: size=245760Kb used=6566Kb max_used=6577Kb free=239193Kb
 bounds [0x0000000002a00000, 0x0000000003080000, 0x0000000011a00000]
 total_blobs=2199 nmethods=1669 adapters=442
 compilation: enabled

Compilation events (10 events):
Event: 69.706 Thread 0x000000001e37b800 1666       3       org.lwjgl.input.Keyboard$KeyEvent::access$302 (7 bytes)
Event: 69.706 Thread 0x000000001e37b800 nmethod 1666 0x0000000003065310 code [0x0000000003065460, 0x0000000003065590]
Event: 69.988 Thread 0x000000001e37b800 1667       3       org.lwjgl.opengl.WindowsKeyboard::handleKey (116 bytes)
Event: 69.989 Thread 0x000000001e37b800 nmethod 1667 0x000000000306cfd0 code [0x000000000306d180, 0x000000000306d768]
Event: 70.621 Thread 0x000000001e37b800 1668       3       java.util.Arrays::copyOf (13 bytes)
Event: 70.621 Thread 0x000000001e37b800 nmethod 1668 0x000000000306b0d0 code [0x000000000306b240, 0x000000000306b448]
Event: 72.105 Thread 0x000000001e378000 1669       4       com.gdxproject.game.Tools.B2WorldCreator::getCoins (18 bytes)
Event: 72.108 Thread 0x000000001e378000 nmethod 1669 0x0000000003070910 code [0x0000000003070a60, 0x0000000003070c98]
Event: 72.155 Thread 0x000000001e37b800 1670       3       javazoom.jl.decoder.BitReserve::rewindNbytes (43 bytes)
Event: 72.155 Thread 0x000000001e37b800 nmethod 1670 0x0000000003070590 code [0x00000000030706e0, 0x0000000003070890]

GC Heap History (0 events):
No events

Deoptimization events (10 events):
Event: 24.004 Thread 0x000000001f249000 Uncommon trap: reason=unstable_if action=reinterpret pc=0x0000000002fb8150 method=org.lwjgl.opengl.Sync.sync(I)V @ 30
Event: 28.321 Thread 0x000000001f249000 Uncommon trap: reason=unstable_if action=reinterpret pc=0x0000000002fbe840 method=com.gdxproject.game.Sprites.Enemies.Enemy2.update(F)V @ 14
Event: 28.322 Thread 0x000000001f249000 Uncommon trap: reason=unstable_if action=reinterpret pc=0x0000000002fa765c method=com.gdxproject.game.Sprites.Enemies.Enemy2.draw(Lcom/badlogic/gdx/graphics/g2d/Batch;)V @ 4
Event: 32.021 Thread 0x000000001f249000 Uncommon trap: reason=unstable_if action=reinterpret pc=0x0000000002fa1588 method=javazoom.jl.decoder.OutputBuffer.clip(F)S @ 17
Event: 32.021 Thread 0x000000001f249000 Uncommon trap: reason=unstable_if action=reinterpret pc=0x0000000002caf554 method=javazoom.jl.decoder.OutputBuffer.clip(F)S @ 17
Event: 36.458 Thread 0x000000001f249000 Uncommon trap: reason=unstable_if action=reinterpret pc=0x0000000002f42910 method=com.badlogic.gdx.graphics.g2d.Sprite.translate(FF)V @ 24
Event: 36.458 Thread 0x000000001f249000 Uncommon trap: reason=unstable_if action=reinterpret pc=0x0000000002eae67c method=com.badlogic.gdx.physics.box2d.Fixture.getShape()Lcom/badlogic/gdx/physics/box2d/Shape; @ 4
Event: 36.459 Thread 0x000000001f249000 Uncommon trap: reason=unstable_if action=reinterpret pc=0x0000000002ec7960 method=com.badlogic.gdx.graphics.g2d.Sprite.getVertices()[F @ 4
Event: 36.571 Thread 0x000000001f249000 Uncommon trap: reason=unstable_if action=reinterpret pc=0x0000000002f84c20 method=com.gdxproject.game.Sprites.Enemies.Enemy1.update(F)V @ 14
Event: 36.571 Thread 0x000000001f249000 Uncommon trap: reason=unstable_if action=reinterpret pc=0x0000000002f87564 method=com.gdxproject.game.Sprites.Enemies.Enemy1.draw(Lcom/badlogic/gdx/graphics/g2d/Batch;)V @ 4

Classes redefined (0 events):
No events

Internal exceptions (10 events):
Event: 0.185 Thread 0x0000000002904000 Exception <a 'java/security/PrivilegedActionException'> (0x000000076b5069f8) thrown at [C:\ade\jenkins\workspace\8-2-build-windows-amd64-cygwin\jdk8u241\331\hotspot\src\share\vm\prims\jvm.cpp, line 1502]
Event: 0.599 Thread 0x0000000002904000 Exception <a 'java/security/PrivilegedActionException'> (0x000000076b677e28) thrown at [C:\ade\jenkins\workspace\8-2-build-windows-amd64-cygwin\jdk8u241\331\hotspot\src\share\vm\prims\jvm.cpp, line 1502]
Event: 0.599 Thread 0x0000000002904000 Exception <a 'java/security/PrivilegedActionException'> (0x000000076b679b00) thrown at [C:\ade\jenkins\workspace\8-2-build-windows-amd64-cygwin\jdk8u241\331\hotspot\src\share\vm\prims\jvm.cpp, line 1502]
Event: 0.599 Thread 0x0000000002904000 Exception <a 'java/security/PrivilegedActionException'> (0x000000076b67ac70) thrown at [C:\ade\jenkins\workspace\8-2-build-windows-amd64-cygwin\jdk8u241\331\hotspot\src\share\vm\prims\jvm.cpp, line 1502]
Event: 0.599 Thread 0x0000000002904000 Exception <a 'java/security/PrivilegedActionException'> (0x000000076b67fdd8) thrown at [C:\ade\jenkins\workspace\8-2-build-windows-amd64-cygwin\jdk8u241\331\hotspot\src\share\vm\prims\jvm.cpp, line 1502]
Event: 0.600 Thread 0x0000000002904000 Exception <a 'java/security/PrivilegedActionException'> (0x000000076b680a30) thrown at [C:\ade\jenkins\workspace\8-2-build-windows-amd64-cygwin\jdk8u241\331\hotspot\src\share\vm\prims\jvm.cpp, line 1502]
Event: 0.600 Thread 0x0000000002904000 Exception <a 'java/security/PrivilegedActionException'> (0x000000076b681658) thrown at [C:\ade\jenkins\workspace\8-2-build-windows-amd64-cygwin\jdk8u241\331\hotspot\src\share\vm\prims\jvm.cpp, line 1502]
Event: 1.234 Thread 0x000000001f4d2800 Exception <a 'java/lang/NoSuchFieldError': method resolution failed> (0x000000076c7797d0) thrown at [C:\ade\jenkins\workspace\8-2-build-windows-amd64-cygwin\jdk8u241\331\hotspot\src\share\vm\prims\methodHandles.cpp, line 1167]
Event: 1.236 Thread 0x000000001f4d2800 Exception <a 'java/lang/NoSuchFieldError': method resolution failed> (0x000000076c786e90) thrown at [C:\ade\jenkins\workspace\8-2-build-windows-amd64-cygwin\jdk8u241\331\hotspot\src\share\vm\prims\methodHandles.cpp, line 1167]
Event: 36.458 Thread 0x000000001f249000 Implicit null exception at 0x0000000002eacd9c to 0x0000000002eae65d

Events (10 events):
Event: 36.458 Thread 0x000000001f249000 DEOPT UNPACKING pc=0x0000000002a4583b sp=0x00000000205fed70 mode 2
Event: 36.459 Thread 0x000000001f249000 Uncommon trap: trap_request=0xffffff65 fr.pc=0x0000000002ec7960
Event: 36.459 Thread 0x000000001f249000 DEOPT PACKING pc=0x0000000002ec7960 sp=0x00000000205feeb0
Event: 36.459 Thread 0x000000001f249000 DEOPT UNPACKING pc=0x0000000002a4583b sp=0x00000000205fed98 mode 2
Event: 36.571 Thread 0x000000001f249000 Uncommon trap: trap_request=0xffffff65 fr.pc=0x0000000002f84c20
Event: 36.571 Thread 0x000000001f249000 DEOPT PACKING pc=0x0000000002f84c20 sp=0x00000000205fee50
Event: 36.571 Thread 0x000000001f249000 DEOPT UNPACKING pc=0x0000000002a4583b sp=0x00000000205fee28 mode 2
Event: 36.571 Thread 0x000000001f249000 Uncommon trap: trap_request=0xffffff65 fr.pc=0x0000000002f87564
Event: 36.571 Thread 0x000000001f249000 DEOPT PACKING pc=0x0000000002f87564 sp=0x00000000205fef50
Event: 36.571 Thread 0x000000001f249000 DEOPT UNPACKING pc=0x0000000002a4583b sp=0x00000000205fef28 mode 2


Dynamic libraries:
0x00007ff6050d0000 - 0x00007ff605107000 	C:\Program Files\Java\jre1.8.0_241\bin\javaw.exe
0x00007ffc4a810000 - 0x00007ffc4aa05000 	C:\WINDOWS\SYSTEM32\ntdll.dll
0x00007ffc48990000 - 0x00007ffc48a4d000 	C:\WINDOWS\System32\KERNEL32.DLL
0x00007ffc48430000 - 0x00007ffc486f7000 	C:\WINDOWS\System32\KERNELBASE.dll
0x00007ffc49650000 - 0x00007ffc496fa000 	C:\WINDOWS\System32\ADVAPI32.dll
0x00007ffc49eb0000 - 0x00007ffc49f4e000 	C:\WINDOWS\System32\msvcrt.dll
0x00007ffc49b70000 - 0x00007ffc49c0b000 	C:\WINDOWS\System32\sechost.dll
0x00007ffc49f50000 - 0x00007ffc4a074000 	C:\WINDOWS\System32\RPCRT4.dll
0x00007ffc48b80000 - 0x00007ffc48d20000 	C:\WINDOWS\System32\USER32.dll
0x00007ffc480d0000 - 0x00007ffc480f2000 	C:\WINDOWS\System32\win32u.dll
0x00007ffc48ee0000 - 0x00007ffc48f0a000 	C:\WINDOWS\System32\GDI32.dll
0x00007ffc48760000 - 0x00007ffc48869000 	C:\WINDOWS\System32\gdi32full.dll
0x00007ffc48100000 - 0x00007ffc4819d000 	C:\WINDOWS\System32\msvcp_win.dll
0x00007ffc47f80000 - 0x00007ffc48080000 	C:\WINDOWS\System32\ucrtbase.dll
0x00007ffc34390000 - 0x00007ffc3462b000 	C:\WINDOWS\WinSxS\amd64_microsoft.windows.common-controls_6595b64144ccf1df_6.0.19041.488_none_ca04af081b815d21\COMCTL32.dll
0x00007ffc48f10000 - 0x00007ffc48f40000 	C:\WINDOWS\System32\IMM32.DLL
0x0000000066980000 - 0x0000000066a52000 	C:\Program Files\Java\jre1.8.0_241\bin\msvcr100.dll
0x0000000065760000 - 0x000000006600c000 	C:\Program Files\Java\jre1.8.0_241\bin\server\jvm.dll
0x00007ffc49270000 - 0x00007ffc49278000 	C:\WINDOWS\System32\PSAPI.DLL
0x00007ffc3a910000 - 0x00007ffc3a937000 	C:\WINDOWS\SYSTEM32\WINMM.dll
0x00007ffc41640000 - 0x00007ffc4164a000 	C:\WINDOWS\SYSTEM32\VERSION.dll
0x00007ffc33320000 - 0x00007ffc33329000 	C:\WINDOWS\SYSTEM32\WSOCK32.dll
0x00007ffc49280000 - 0x00007ffc492eb000 	C:\WINDOWS\System32\WS2_32.dll
0x00007ffc42ef0000 - 0x00007ffc42eff000 	C:\Program Files\Java\jre1.8.0_241\bin\verify.dll
0x00007ffc2c090000 - 0x00007ffc2c0b9000 	C:\Program Files\Java\jre1.8.0_241\bin\java.dll
0x00007ffc3e370000 - 0x00007ffc3e386000 	C:\Program Files\Java\jre1.8.0_241\bin\zip.dll
0x00007ffc4a080000 - 0x00007ffc4a7c1000 	C:\WINDOWS\System32\SHELL32.dll
0x00007ffc460b0000 - 0x00007ffc46843000 	C:\WINDOWS\SYSTEM32\windows.storage.dll
0x00007ffc492f0000 - 0x00007ffc49645000 	C:\WINDOWS\System32\combase.dll
0x00007ffc479c0000 - 0x00007ffc479ec000 	C:\WINDOWS\SYSTEM32\Wldp.dll
0x00007ffc48a50000 - 0x00007ffc48afe000 	C:\WINDOWS\System32\SHCORE.dll
0x00007ffc49030000 - 0x00007ffc49085000 	C:\WINDOWS\System32\shlwapi.dll
0x00007ffc47e80000 - 0x00007ffc47ea6000 	C:\WINDOWS\SYSTEM32\profapi.dll
0x0000000002890000 - 0x00000000028db000 	C:\Users\MiguelAlbarracin\AppData\Local\Temp\libgdxMiguelAlbarracin\7d76f548\gdx64.dll
0x00007ffc47910000 - 0x00007ffc47928000 	C:\WINDOWS\SYSTEM32\CRYPTSP.dll
0x00007ffc47060000 - 0x00007ffc47094000 	C:\WINDOWS\system32\rsaenh.dll
0x00007ffc47f50000 - 0x00007ffc47f77000 	C:\WINDOWS\System32\bcrypt.dll
0x00007ffc47e40000 - 0x00007ffc47e6e000 	C:\WINDOWS\SYSTEM32\USERENV.dll
0x00007ffc481a0000 - 0x00007ffc4821f000 	C:\WINDOWS\System32\bcryptprimitives.dll
0x00007ffc47930000 - 0x00007ffc4793c000 	C:\WINDOWS\SYSTEM32\CRYPTBASE.dll
0x00007ffc3a960000 - 0x00007ffc3a97a000 	C:\Program Files\Java\jre1.8.0_241\bin\net.dll
0x00007ffc47740000 - 0x00007ffc477aa000 	C:\WINDOWS\system32\mswsock.dll
0x00007ffc473e0000 - 0x00007ffc4741b000 	C:\WINDOWS\SYSTEM32\IPHLPAPI.DLL
0x00007ffc49c10000 - 0x00007ffc49c19000 	C:\WINDOWS\System32\NSI.dll
0x00007ffc40b70000 - 0x00007ffc40b87000 	C:\WINDOWS\SYSTEM32\dhcpcsvc6.DLL
0x00007ffc41620000 - 0x00007ffc4163d000 	C:\WINDOWS\SYSTEM32\dhcpcsvc.DLL
0x00007ffc47430000 - 0x00007ffc474fb000 	C:\WINDOWS\SYSTEM32\DNSAPI.dll
0x00007ffc39eb0000 - 0x00007ffc39ec2000 	C:\Program Files\Java\jre1.8.0_241\bin\nio.dll
0x0000000180000000 - 0x0000000180053000 	C:\Users\MiguelAlbarracin\AppData\Local\Temp\libgdxMiguelAlbarracin\1cecf4f6\lwjgl64.dll
0x00007ffc19370000 - 0x00007ffc19495000 	C:\WINDOWS\SYSTEM32\OPENGL32.dll
0x00007ffc37aa0000 - 0x00007ffc37acc000 	C:\WINDOWS\SYSTEM32\GLU32.dll
0x000000001fdd0000 - 0x000000001fe34000 	C:\Users\MIGUEL~1\AppData\Local\Temp\libgdxMiguelAlbarracin\1cecf4f6\OpenAL64.dll
0x00007ffc49140000 - 0x00007ffc49269000 	C:\WINDOWS\System32\ole32.dll
0x00007ffc45eb0000 - 0x00007ffc45ec3000 	C:\WINDOWS\SYSTEM32\kernel.appcore.dll
0x00007ffc459f0000 - 0x00007ffc45a8f000 	C:\WINDOWS\system32\uxtheme.dll
0x00007ffc49090000 - 0x00007ffc49138000 	C:\WINDOWS\System32\clbcatq.dll
0x00007ffc29630000 - 0x00007ffc296cc000 	C:\WINDOWS\SYSTEM32\dsound.dll
0x00007ffc395b0000 - 0x00007ffc395d6000 	C:\WINDOWS\SYSTEM32\winmmbase.dll
0x00007ffc47500000 - 0x00007ffc4754b000 	C:\WINDOWS\SYSTEM32\powrprof.dll
0x00007ffc473c0000 - 0x00007ffc473d2000 	C:\WINDOWS\SYSTEM32\UMPDC.dll
0x00007ffc42380000 - 0x00007ffc42405000 	C:\WINDOWS\System32\MMDevApi.dll
0x00007ffc47d00000 - 0x00007ffc47d2c000 	C:\WINDOWS\System32\DEVOBJ.dll
0x00007ffc48080000 - 0x00007ffc480cd000 	C:\WINDOWS\System32\cfgmgr32.dll
0x00007ffc42940000 - 0x00007ffc42ac0000 	C:\WINDOWS\SYSTEM32\AUDIOSES.DLL
0x00007ffc48d20000 - 0x00007ffc48ded000 	C:\WINDOWS\System32\OLEAUT32.dll
0x00007ffc45ad0000 - 0x00007ffc45ae4000 	C:\WINDOWS\SYSTEM32\resourcepolicyclient.dll
0x00007ffc434a0000 - 0x00007ffc4354e000 	C:\WINDOWS\SYSTEM32\mscms.dll
0x00007ffc43340000 - 0x00007ffc43351000 	C:\WINDOWS\SYSTEM32\ColorAdapterClient.dll
0x00007ffc3e7b0000 - 0x00007ffc3e7f3000 	C:\Windows\System32\Windows.Internal.Graphics.Display.DisplayColorManagement.dll
0x00007ffc48870000 - 0x00007ffc48985000 	C:\WINDOWS\System32\MSCTF.dll
0x00007ffc3a230000 - 0x00007ffc3a32d000 	C:\WINDOWS\SYSTEM32\textinputframework.dll
0x00007ffc451b0000 - 0x00007ffc4550a000 	C:\WINDOWS\System32\CoreUIComponents.dll
0x00007ffc45510000 - 0x00007ffc45602000 	C:\WINDOWS\System32\CoreMessaging.dll
0x00007ffc44ae0000 - 0x00007ffc44c36000 	C:\WINDOWS\SYSTEM32\wintypes.dll
0x00007ffc46ca0000 - 0x00007ffc46cd3000 	C:\WINDOWS\SYSTEM32\ntmarta.dll
0x00007ffc34a60000 - 0x00007ffc34ac6000 	C:\WINDOWS\system32\Oleacc.dll
0x00007ffc408d0000 - 0x00007ffc409cb000 	C:\Windows\System32\AppXDeploymentClient.dll
0x00007ffbee3e0000 - 0x00007ffbeef28000 	C:\WINDOWS\SYSTEM32\ig75icd64.dll
0x00007ffc45cd0000 - 0x00007ffc45cff000 	C:\WINDOWS\SYSTEM32\dwmapi.dll
0x00007ffc43be0000 - 0x00007ffc43bf4000 	C:\WINDOWS\SYSTEM32\WTSAPI32.dll
0x00007ffc3b220000 - 0x00007ffc3bc60000 	C:\WINDOWS\SYSTEM32\igdusc64.dll
0x00007ffc42450000 - 0x00007ffc4248b000 	C:\WINDOWS\SYSTEM32\dxcore.dll
0x00007ffc2b600000 - 0x00007ffc2b643000 	C:\WINDOWS\SYSTEM32\icm32.dll
0x00007ffc468b0000 - 0x00007ffc469a3000 	C:\WINDOWS\SYSTEM32\dxgi.dll
0x00007ffc43d20000 - 0x00007ffc43f83000 	C:\WINDOWS\SYSTEM32\d3d11.dll
0x00007ffc3bf20000 - 0x00007ffc3ce7e000 	C:\WINDOWS\SYSTEM32\igd10iumd64.dll
0x00007ffc47a30000 - 0x00007ffc47a57000 	C:\WINDOWS\SYSTEM32\ncrypt.dll
0x00007ffc479f0000 - 0x00007ffc47a2b000 	C:\WINDOWS\SYSTEM32\NTASN1.dll
0x000000006e9c0000 - 0x000000006ea1b000 	C:\Users\MiguelAlbarracin\AppData\Local\Temp\libgdxMiguelAlbarracin\b8f13a6a\gdx-box2d64.dll
0x00007ffc3fb90000 - 0x00007ffc3fd74000 	C:\WINDOWS\SYSTEM32\dbghelp.dll

VM Arguments:
jvm_args: -Dfile.encoding=Cp1252 
java_command: com.gdxproject.game.desktop.DesktopLauncher
java_class_path (initial): C:\Users\MiguelAlbarracin\Desktop\ProjetoGame\2dJavaLIBGDX\GameProject\desktop\bin\main;C:\Users\MiguelAlbarracin\Desktop\ProjetoGame\2dJavaLIBGDX\GameProject\core\bin\default;C:\Users\MiguelAlbarracin\Desktop\ProjetoGame\2dJavaLIBGDX\GameProject\core\bin\main;C:\Users\MiguelAlbarracin\.gradle\caches\modules-2\files-2.1\com.badlogicgames.gdx\gdx-backend-lwjgl\1.9.10\8f88abd43500d94c486d25f04d642318da72773a\gdx-backend-lwjgl-1.9.10.jar;C:\Users\MiguelAlbarracin\.gradle\caches\modules-2\files-2.1\com.badlogicgames.gdx\gdx-platform\1.9.10\1907b49f8363dd1ee37d273854a9cc3c741a6e66\gdx-platform-1.9.10-natives-desktop.jar;C:\Users\MiguelAlbarracin\.gradle\caches\modules-2\files-2.1\com.badlogicgames.gdx\gdx-box2d-platform\1.9.10\91b19c283b24eec646a18e0e7b940c829920df4f\gdx-box2d-platform-1.9.10-natives-desktop.jar;C:\Users\MiguelAlbarracin\.gradle\caches\modules-2\files-2.1\com.badlogicgames.gdx\gdx-box2d\1.9.10\d68a7a3484d47529a8d23cd467579eb098b38a9e\gdx-box2d-1.9.10.jar;C:\Users\MiguelAlbarracin\.gradle\caches\modules-2\files-2.1\com.badlogicgames.gdx\gdx\1.9.10\79d9ad27bd5e3eb18c9ade61d3a27d7237695d53\gdx-1.9.10.jar;C:\Users\MiguelAlbarracin\.gradle\caches\modules-2\files-2.1\org.lwjgl.lwjgl\lwjgl_util\2.9.3\751f06b62424da056954c67288fd5c494431e350\lwjgl_util-2.9.3.jar;C:\Users\MiguelAlbarracin\.gradle\caches\modules-2\files-2.1\org.lwjgl.lwjgl\lwjgl\2.9.3\3df168ac74e4a8c96562cdff24ad352e255bf89c\lwjgl-2.9.3.jar;C:\Users\MiguelAlbarracin\.gradle\caches\modules-2\files-2.1\com.badlogicgames.jlayer\jlayer\1.0.1-gdx\7cca83cec5c1b2f011362f4d85aabd71a73b049d\jlayer-1.0.1-gdx.jar;C:\Users\MiguelAlbarracin\.gradle\caches\modules-2\files-2.1\org.jcraft\jorbis\0.0.17\8872d22b293e8f5d7d56ff92be966e6dc28ebdc6\jorbis-0.0.17.jar;C:\Users\MiguelAlbarracin\.gradle\caches\modules-2\files-2.1\org.lwjgl.lwjgl\lwjgl-platform\2.9.3\fbc2afb3e288578e9942578decb6291a490549a0\lwjgl-platform-2.9.3-natives-windows.jar;C:\Users\MiguelAlbarracin\.gradle\caches\modules
Launcher Type: SUN_STANDARD

Environment Variables:
JAVA_HOME=C:\Program Files\Java\jdk1.8.0_231
USERNAME=MiguelAlbarracin
OS=Windows_NT
PROCESSOR_IDENTIFIER=Intel64 Family 6 Model 60 Stepping 3, GenuineIntel



---------------  S Y S T E M  ---------------

OS: Windows 10.0 , 64 bit Build 19041 (10.0.19041.292)

CPU:total 8 (initial active 8) (4 cores per cpu, 2 threads per core) family 6 model 60 stepping 3, cmov, cx8, fxsr, mmx, sse, sse2, sse3, ssse3, sse4.1, sse4.2, popcnt, avx, avx2, aes, clmul, erms, lzcnt, ht, tsc, tscinvbit, bmi1, bmi2

Memory: 4k page, physical 16691564k(9316952k free), swap 19181932k(8570344k free)

vm_info: Java HotSpot(TM) 64-Bit Server VM (25.241-b07) for windows-amd64 JRE (1.8.0_241-b07), built on Dec 11 2019 10:21:40 by "rejava" with MS VC++ 10.0 (VS2010)

time: Sat Sep 19 16:11:52 2020
timezone: Hora oficial do Brasil
elapsed time: 74 seconds (0d 0h 1m 14s)

