#
# A fatal error has been detected by the Java Runtime Environment:
#
#  EXCEPTION_ACCESS_VIOLATION (0xc0000005) at pc=0x000000006e9cbbb1, pid=10872, tid=0x0000000000003c90
#
# JRE version: Java(TM) SE Runtime Environment (8.0_241-b07) (build 1.8.0_241-b07)
# Java VM: Java HotSpot(TM) 64-Bit Server VM (25.241-b07 mixed mode windows-amd64 compressed oops)
# Problematic frame:
# C  [gdx-box2d64.dll+0xbbb1]
#
# Failed to write core dump. Minidumps are not enabled by default on client versions of Windows
#
# If you would like to submit a bug report, please visit:
#   http://bugreport.java.com/bugreport/crash.jsp
# The crash happened outside the Java Virtual Machine in native code.
# See problematic frame for where to report the bug.
#

---------------  T H R E A D  ---------------

Current thread (0x000000001f425000):  JavaThread "LWJGL Application" [_thread_in_native, id=15504, stack(0x00000000205a0000,0x00000000206a0000)]

siginfo: ExceptionCode=0xc0000005, reading address 0x000000201fc31360

Registers:
RAX=0x000000006ea10060, RBX=0x000000201fc31360, RCX=0x000000001fc01360, RDX=0x00000000000000b8
RSP=0x000000002069edb0, RBP=0x000000001fc01390, RSI=0x000000001fc01360, RDI=0x000000002069ee70
R8 =0x000000001fc01360, R9 =0x0000000000000002, R10=0x0000000000000000, R11=0x0000000000000001
R12=0x0000000000000000, R13=0x0000000000000006, R14=0x000000002069f058, R15=0x000000001f425000
RIP=0x000000006e9cbbb1, EFLAGS=0x0000000000010206

Top of Stack: (sp=0x000000002069edb0)
0x000000002069edb0:   0000000064d73f08 000000001f425000
0x000000002069edc0:   0000000065da6ce8 000000001faad850
0x000000002069edd0:   0000000000000001 000000001fc01360
0x000000002069ede0:   000000002069ee70 000000002069efb0
0x000000002069edf0:   0000000000000000 0000000064d73f08
0x000000002069ee00:   000000002069f058 000000006e9e1163
0x000000002069ee10:   000000002069eeb0 000000002069eeb0
0x000000002069ee20:   0000000700000003 0000000064d73f08
0x000000002069ee30:   0000000000000001 000000001bc70468
0x000000002069ee40:   0000000002c07b30 000000006e9e6a36
0x000000002069ee50:   0000000000000000 0000000002c07b30
0x000000002069ee60:   000000002069efb0 0000000002c05798
0x000000002069ee70:   40405f9a00000002 000000003f15c28d
0x000000002069ee80:   0000000000000000 0000000000000000
0x000000002069ee90:   0000010100000000 000000002069f001
0x000000002069eea0:   0000000000000000 000000003f800000 

Instructions: (pc=0x000000006e9cbbb1)
0x000000006e9cbb91:   05 ca 44 04 00 44 0f b6 2c 18 41 80 fd 0d 4c 89
0x000000006e9cbba1:   eb 77 2c 48 8d 2c de 48 8b 5d 10 48 85 db 74 45
0x000000006e9cbbb1:   48 8b 03 48 89 45 10 48 89 d8 48 83 c4 20 5b 5e
0x000000006e9cbbc1:   5f 5d 41 5c 41 5d 41 5e c3 66 0f 1f 44 00 00 48 


Register to memory mapping:

RAX=0x000000006ea10060 is an unknown value
RBX=0x000000201fc31360 is an unknown value
RCX=0x000000001fc01360 is an unknown value
RDX=0x00000000000000b8 is an unknown value
RSP=0x000000002069edb0 is pointing into the stack for thread: 0x000000001f425000
RBP=0x000000001fc01390 is an unknown value
RSI=0x000000001fc01360 is an unknown value
RDI=0x000000002069ee70 is pointing into the stack for thread: 0x000000001f425000
R8 =0x000000001fc01360 is an unknown value
R9 =0x0000000000000002 is an unknown value
R10=0x0000000000000000 is an unknown value
R11=0x0000000000000001 is an unknown value
R12=0x0000000000000000 is an unknown value
R13=0x0000000000000006 is an unknown value
R14=0x000000002069f058 is pointing into the stack for thread: 0x000000001f425000
R15=0x000000001f425000 is a thread


Stack: [0x00000000205a0000,0x00000000206a0000],  sp=0x000000002069edb0,  free space=1019k
Native frames: (J=compiled Java code, j=interpreted, Vv=VM code, C=native code)
C  [gdx-box2d64.dll+0xbbb1]
C  [gdx-box2d64.dll+0x21163]
C  [gdx-box2d64.dll+0x26a36]
C  0x0000000002c18c67

Java frames: (J=compiled Java code, j=interpreted, Vv=VM code)
j  com.badlogic.gdx.physics.box2d.World.jniCreateBody(JIFFFFFFFFZZZZZF)J+0
j  com.badlogic.gdx.physics.box2d.World.createBody(Lcom/badlogic/gdx/physics/box2d/BodyDef;)Lcom/badlogic/gdx/physics/box2d/Body;+80
j  com.gdxproject.game.Sprites.Player.Bullet.defineFireBall()V+67
j  com.gdxproject.game.Sprites.Player.Bullet.<init>(Lcom/gdxproject/game/Screens/PlayScreen;FFZ)V+130
j  com.gdxproject.game.Sprites.Player.Player.fire(Lcom/gdxproject/game/Screens/PlayScreen;)V+41
j  com.gdxproject.game.Screens.PlayScreen.handleInput(F)V+245
J 1303 C1 com.gdxproject.game.Screens.PlayScreen.update(F)V (395 bytes) @ 0x00000000030dff8c [0x00000000030dfee0+0xac]
J 1304 C1 com.gdxproject.game.Screens.PlayScreen.render(F)V (274 bytes) @ 0x00000000030e41bc [0x00000000030e4120+0x9c]
j  com.badlogic.gdx.Game.render()V+19
j  com.gdxproject.game.GameProject.render()V+1
j  com.badlogic.gdx.backends.lwjgl.LwjglApplication.mainLoop()V+770
j  com.badlogic.gdx.backends.lwjgl.LwjglApplication$1.run()V+27
v  ~StubRoutines::call_stub

---------------  P R O C E S S  ---------------

Java Threads: ( => current thread )
  0x0000000068cd8000 JavaThread "LWJGL Timer" daemon [_thread_blocked, id=11472, stack(0x00000000650e0000,0x00000000651e0000)]
  0x000000001f66c000 JavaThread "AssetManager" daemon [_thread_blocked, id=13236, stack(0x0000000064be0000,0x0000000064ce0000)]
  0x0000000002b04000 JavaThread "DestroyJavaVM" [_thread_blocked, id=17700, stack(0x0000000002a00000,0x0000000002b00000)]
=>0x000000001f425000 JavaThread "LWJGL Application" [_thread_in_native, id=15504, stack(0x00000000205a0000,0x00000000206a0000)]
  0x000000001e60b000 JavaThread "Service Thread" daemon [_thread_blocked, id=17484, stack(0x000000001f150000,0x000000001f250000)]
  0x000000001e580000 JavaThread "C1 CompilerThread3" daemon [_thread_blocked, id=18840, stack(0x000000001f050000,0x000000001f150000)]
  0x000000001e57e800 JavaThread "C2 CompilerThread2" daemon [_thread_blocked, id=6792, stack(0x000000001ef50000,0x000000001f050000)]
  0x000000001e573800 JavaThread "C2 CompilerThread1" daemon [_thread_blocked, id=3764, stack(0x000000001ee50000,0x000000001ef50000)]
  0x000000001e56f000 JavaThread "C2 CompilerThread0" daemon [_thread_blocked, id=19980, stack(0x000000001ed50000,0x000000001ee50000)]
  0x000000001e56d800 JavaThread "Attach Listener" daemon [_thread_blocked, id=1356, stack(0x000000001ec50000,0x000000001ed50000)]
  0x000000001e56b000 JavaThread "Signal Dispatcher" daemon [_thread_blocked, id=25548, stack(0x000000001eb50000,0x000000001ec50000)]
  0x000000001e560800 JavaThread "Finalizer" daemon [_thread_blocked, id=18224, stack(0x000000001e940000,0x000000001ea40000)]
  0x0000000002bf9800 JavaThread "Reference Handler" daemon [_thread_blocked, id=316, stack(0x000000001e440000,0x000000001e540000)]

Other Threads:
  0x000000001c65a000 VMThread [stack: 0x000000001e340000,0x000000001e440000] [id=9116]
  0x000000001e625800 WatcherThread [stack: 0x000000001f250000,0x000000001f350000] [id=18748]

VM state:not at safepoint (normal execution)

VM Mutex/Monitor currently owned by a thread: None

heap address: 0x00000006c1400000, size: 4076 MB, Compressed Oops mode: Zero based, Oop shift amount: 3
Narrow klass base: 0x0000000000000000, Narrow klass shift: 3
Compressed class space size: 1073741824 Address: 0x00000007c0000000

Heap:
 PSYoungGen      total 76288K, used 47288K [0x000000076b180000, 0x0000000770680000, 0x00000007c0000000)
  eden space 65536K, 72% used [0x000000076b180000,0x000000076dfae2f0,0x000000076f180000)
  from space 10752K, 0% used [0x000000076fc00000,0x000000076fc00000,0x0000000770680000)
  to   space 10752K, 0% used [0x000000076f180000,0x000000076f180000,0x000000076fc00000)
 ParOldGen       total 175104K, used 0K [0x00000006c1400000, 0x00000006cbf00000, 0x000000076b180000)
  object space 175104K, 0% used [0x00000006c1400000,0x00000006c1400000,0x00000006cbf00000)
 Metaspace       used 10358K, capacity 10567K, committed 10880K, reserved 1058816K
  class space    used 1018K, capacity 1088K, committed 1152K, reserved 1048576K

Card table byte_map: [0x0000000011fc0000,0x00000000127c0000] byte_map_base: 0x000000000e9b6000

Marking Bits: (ParMarkBitMap*) 0x0000000065f8be30
 Begin Bits: [0x0000000013510000, 0x00000000174c0000)
 End Bits:   [0x00000000174c0000, 0x000000001b470000)

Polling page: 0x0000000002960000

CodeCache: size=245760Kb used=5149Kb max_used=5163Kb free=240610Kb
 bounds [0x0000000002c00000, 0x0000000003120000, 0x0000000011c00000]
 total_blobs=1881 nmethods=1351 adapters=442
 compilation: enabled

Compilation events (10 events):
Event: 5.353 Thread 0x000000001e573800 1347       4       com.badlogic.gdx.graphics.g2d.SpriteBatch::flush (193 bytes)
Event: 5.364 Thread 0x000000001e573800 nmethod 1347 0x000000000310b790 code [0x000000000310b9c0, 0x000000000310c4c0]
Event: 5.368 Thread 0x000000001e57e800 1348       4       com.badlogic.gdx.physics.box2d.Box2DDebugRenderer::drawShape (297 bytes)
Event: 5.392 Thread 0x000000001e57e800 nmethod 1348 0x000000000310d790 code [0x000000000310db00, 0x000000000310f0c0]
Event: 5.402 Thread 0x000000001e580000 1349       3       com.badlogic.gdx.scenes.scene2d.Actor::getHeight (5 bytes)
Event: 5.402 Thread 0x000000001e580000 nmethod 1349 0x00000000031074d0 code [0x0000000003107620, 0x0000000003107770]
Event: 5.435 Thread 0x000000001e580000 1351       3       com.badlogic.gdx.utils.viewport.Viewport::getWorldHeight (5 bytes)
Event: 5.435 Thread 0x000000001e580000 nmethod 1351 0x0000000003107190 code [0x00000000031072e0, 0x0000000003107430]
Event: 5.435 Thread 0x000000001e580000 1350       3       com.badlogic.gdx.scenes.scene2d.Stage::getHeight (8 bytes)
Event: 5.436 Thread 0x000000001e580000 nmethod 1350 0x0000000003106d10 code [0x0000000003106e80, 0x00000000031070b0]

GC Heap History (0 events):
No events

Deoptimization events (10 events):
Event: 1.875 Thread 0x000000001f425000 Uncommon trap: reason=unstable_if action=reinterpret pc=0x0000000002eb8644 method=com.badlogic.gdx.assets.AssetManager.finishLoading()V @ 13
Event: 1.964 Thread 0x000000001f425000 Uncommon trap: reason=unstable_if action=reinterpret pc=0x0000000002e52164 method=sun.misc.MetaIndex.mayContain(Ljava/lang/String;)Z @ 38
Event: 1.965 Thread 0x000000001f425000 Uncommon trap: reason=unstable_if action=reinterpret pc=0x0000000002e2c7e4 method=sun.misc.MetaIndex.mayContain(Ljava/lang/String;)Z @ 38
Event: 2.044 Thread 0x000000001f425000 Uncommon trap: reason=unstable_if action=reinterpret pc=0x0000000002f8a16c method=java.util.StringTokenizer.scanToken(I)I @ 7
Event: 2.044 Thread 0x000000001f425000 Uncommon trap: reason=unstable_if action=reinterpret pc=0x0000000002f79bd8 method=java.util.StringTokenizer.skipDelimiters(I)I @ 29
Event: 2.167 Thread 0x000000001f425000 Uncommon trap: reason=unstable_if action=reinterpret pc=0x0000000002f7c494 method=java.util.StringTokenizer.scanToken(I)I @ 7
Event: 2.556 Thread 0x000000001f425000 Uncommon trap: reason=unstable_if action=reinterpret pc=0x0000000002f46d9c method=javazoom.jl.decoder.LayerIIIDecoder.decode()V @ 382
Event: 2.556 Thread 0x000000001f425000 Uncommon trap: reason=unstable_if action=reinterpret pc=0x0000000002f14ac0 method=javazoom.jl.decoder.LayerIIIDecoder.decode()V @ 382
Event: 2.803 Thread 0x000000001f425000 Uncommon trap: reason=unstable_if action=reinterpret pc=0x000000000300d68c method=javazoom.jl.decoder.LayerIIIDecoder.decode()V @ 382
Event: 4.305 Thread 0x000000001f425000 Uncommon trap: reason=unstable_if action=reinterpret pc=0x00000000030ba37c method=com.badlogic.gdx.physics.box2d.Fixture.getShape()Lcom/badlogic/gdx/physics/box2d/Shape; @ 4

Classes redefined (0 events):
No events

Internal exceptions (10 events):
Event: 0.214 Thread 0x0000000002b04000 Exception <a 'java/security/PrivilegedActionException'> (0x000000076b506a88) thrown at [C:\ade\jenkins\workspace\8-2-build-windows-amd64-cygwin\jdk8u241\331\hotspot\src\share\vm\prims\jvm.cpp, line 1502]
Event: 0.699 Thread 0x0000000002b04000 Exception <a 'java/security/PrivilegedActionException'> (0x000000076b67f040) thrown at [C:\ade\jenkins\workspace\8-2-build-windows-amd64-cygwin\jdk8u241\331\hotspot\src\share\vm\prims\jvm.cpp, line 1502]
Event: 0.699 Thread 0x0000000002b04000 Exception <a 'java/security/PrivilegedActionException'> (0x000000076b680d18) thrown at [C:\ade\jenkins\workspace\8-2-build-windows-amd64-cygwin\jdk8u241\331\hotspot\src\share\vm\prims\jvm.cpp, line 1502]
Event: 0.700 Thread 0x0000000002b04000 Exception <a 'java/security/PrivilegedActionException'> (0x000000076b681e88) thrown at [C:\ade\jenkins\workspace\8-2-build-windows-amd64-cygwin\jdk8u241\331\hotspot\src\share\vm\prims\jvm.cpp, line 1502]
Event: 0.700 Thread 0x0000000002b04000 Exception <a 'java/security/PrivilegedActionException'> (0x000000076b686ff0) thrown at [C:\ade\jenkins\workspace\8-2-build-windows-amd64-cygwin\jdk8u241\331\hotspot\src\share\vm\prims\jvm.cpp, line 1502]
Event: 0.700 Thread 0x0000000002b04000 Exception <a 'java/security/PrivilegedActionException'> (0x000000076b687c48) thrown at [C:\ade\jenkins\workspace\8-2-build-windows-amd64-cygwin\jdk8u241\331\hotspot\src\share\vm\prims\jvm.cpp, line 1502]
Event: 0.700 Thread 0x0000000002b04000 Exception <a 'java/security/PrivilegedActionException'> (0x000000076b688870) thrown at [C:\ade\jenkins\workspace\8-2-build-windows-amd64-cygwin\jdk8u241\331\hotspot\src\share\vm\prims\jvm.cpp, line 1502]
Event: 1.659 Thread 0x000000001f66c000 Exception <a 'java/lang/NoSuchFieldError': method resolution failed> (0x000000076c78b6d0) thrown at [C:\ade\jenkins\workspace\8-2-build-windows-amd64-cygwin\jdk8u241\331\hotspot\src\share\vm\prims\methodHandles.cpp, line 1167]
Event: 1.661 Thread 0x000000001f66c000 Exception <a 'java/lang/NoSuchFieldError': method resolution failed> (0x000000076c798d90) thrown at [C:\ade\jenkins\workspace\8-2-build-windows-amd64-cygwin\jdk8u241\331\hotspot\src\share\vm\prims\methodHandles.cpp, line 1167]
Event: 4.305 Thread 0x000000001f425000 Implicit null exception at 0x00000000030b8a9c to 0x00000000030ba35d

Events (10 events):
Event: 3.421 Thread 0x000000001f425000 DEOPT UNPACKING pc=0x0000000002c47890 sp=0x000000002069f040 mode 0
Event: 4.167 Executing VM operation: EnableBiasedLocking
Event: 4.167 Executing VM operation: EnableBiasedLocking done
Event: 4.302 loading class com/gdxproject/game/Sprites/Player/Bullet
Event: 4.302 loading class com/gdxproject/game/Sprites/Player/Bullet done
Event: 4.305 Thread 0x000000001f425000 Uncommon trap: trap_request=0xffffff65 fr.pc=0x00000000030ba37c
Event: 4.305 Thread 0x000000001f425000 DEOPT PACKING pc=0x00000000030ba37c sp=0x000000002069f370
Event: 4.305 Thread 0x000000001f425000 DEOPT UNPACKING pc=0x0000000002c4583b sp=0x000000002069f2a0 mode 2
Event: 4.452 Thread 0x000000001f425000 DEOPT PACKING pc=0x000000000309c4ea sp=0x000000002069f380
Event: 4.452 Thread 0x000000001f425000 DEOPT UNPACKING pc=0x0000000002c47890 sp=0x000000002069f020 mode 0


Dynamic libraries:
0x00007ff6050d0000 - 0x00007ff605107000 	C:\Program Files\Java\jre1.8.0_241\bin\javaw.exe
0x00007ffc4a810000 - 0x00007ffc4aa05000 	C:\WINDOWS\SYSTEM32\ntdll.dll
0x00007ffc48990000 - 0x00007ffc48a4d000 	C:\WINDOWS\System32\KERNEL32.DLL
0x00007ffc48430000 - 0x00007ffc486f7000 	C:\WINDOWS\System32\KERNELBASE.dll
0x00007ffc49650000 - 0x00007ffc496fa000 	C:\WINDOWS\System32\ADVAPI32.dll
0x00007ffc49eb0000 - 0x00007ffc49f4e000 	C:\WINDOWS\System32\msvcrt.dll
0x00007ffc49b70000 - 0x00007ffc49c0b000 	C:\WINDOWS\System32\sechost.dll
0x00007ffc49f50000 - 0x00007ffc4a074000 	C:\WINDOWS\System32\RPCRT4.dll
0x00007ffc48b80000 - 0x00007ffc48d20000 	C:\WINDOWS\System32\USER32.dll
0x00007ffc480d0000 - 0x00007ffc480f2000 	C:\WINDOWS\System32\win32u.dll
0x00007ffc48ee0000 - 0x00007ffc48f0a000 	C:\WINDOWS\System32\GDI32.dll
0x00007ffc48760000 - 0x00007ffc48869000 	C:\WINDOWS\System32\gdi32full.dll
0x00007ffc48100000 - 0x00007ffc4819d000 	C:\WINDOWS\System32\msvcp_win.dll
0x00007ffc47f80000 - 0x00007ffc48080000 	C:\WINDOWS\System32\ucrtbase.dll
0x00007ffc34390000 - 0x00007ffc3462b000 	C:\WINDOWS\WinSxS\amd64_microsoft.windows.common-controls_6595b64144ccf1df_6.0.19041.488_none_ca04af081b815d21\COMCTL32.dll
0x00007ffc48f10000 - 0x00007ffc48f40000 	C:\WINDOWS\System32\IMM32.DLL
0x0000000066980000 - 0x0000000066a52000 	C:\Program Files\Java\jre1.8.0_241\bin\msvcr100.dll
0x0000000065760000 - 0x000000006600c000 	C:\Program Files\Java\jre1.8.0_241\bin\server\jvm.dll
0x00007ffc49270000 - 0x00007ffc49278000 	C:\WINDOWS\System32\PSAPI.DLL
0x00007ffc3a910000 - 0x00007ffc3a937000 	C:\WINDOWS\SYSTEM32\WINMM.dll
0x00007ffc33320000 - 0x00007ffc33329000 	C:\WINDOWS\SYSTEM32\WSOCK32.dll
0x00007ffc49280000 - 0x00007ffc492eb000 	C:\WINDOWS\System32\WS2_32.dll
0x00007ffc41640000 - 0x00007ffc4164a000 	C:\WINDOWS\SYSTEM32\VERSION.dll
0x00007ffc42ef0000 - 0x00007ffc42eff000 	C:\Program Files\Java\jre1.8.0_241\bin\verify.dll
0x00007ffc2c090000 - 0x00007ffc2c0b9000 	C:\Program Files\Java\jre1.8.0_241\bin\java.dll
0x00007ffc3e370000 - 0x00007ffc3e386000 	C:\Program Files\Java\jre1.8.0_241\bin\zip.dll
0x00007ffc4a080000 - 0x00007ffc4a7c1000 	C:\WINDOWS\System32\SHELL32.dll
0x00007ffc460b0000 - 0x00007ffc46843000 	C:\WINDOWS\SYSTEM32\windows.storage.dll
0x00007ffc492f0000 - 0x00007ffc49645000 	C:\WINDOWS\System32\combase.dll
0x00007ffc479c0000 - 0x00007ffc479ec000 	C:\WINDOWS\SYSTEM32\Wldp.dll
0x00007ffc48a50000 - 0x00007ffc48afe000 	C:\WINDOWS\System32\SHCORE.dll
0x00007ffc49030000 - 0x00007ffc49085000 	C:\WINDOWS\System32\shlwapi.dll
0x00007ffc47e80000 - 0x00007ffc47ea6000 	C:\WINDOWS\SYSTEM32\profapi.dll
0x000000001fb50000 - 0x000000001fb9b000 	C:\Users\MiguelAlbarracin\AppData\Local\Temp\libgdxMiguelAlbarracin\7d76f548\gdx64.dll
0x00007ffc47910000 - 0x00007ffc47928000 	C:\WINDOWS\SYSTEM32\CRYPTSP.dll
0x00007ffc47060000 - 0x00007ffc47094000 	C:\WINDOWS\system32\rsaenh.dll
0x00007ffc47f50000 - 0x00007ffc47f77000 	C:\WINDOWS\System32\bcrypt.dll
0x00007ffc47e40000 - 0x00007ffc47e6e000 	C:\WINDOWS\SYSTEM32\USERENV.dll
0x00007ffc481a0000 - 0x00007ffc4821f000 	C:\WINDOWS\System32\bcryptprimitives.dll
0x00007ffc47930000 - 0x00007ffc4793c000 	C:\WINDOWS\SYSTEM32\CRYPTBASE.dll
0x00007ffc3a960000 - 0x00007ffc3a97a000 	C:\Program Files\Java\jre1.8.0_241\bin\net.dll
0x00007ffc47740000 - 0x00007ffc477aa000 	C:\WINDOWS\system32\mswsock.dll
0x00007ffc473e0000 - 0x00007ffc4741b000 	C:\WINDOWS\SYSTEM32\IPHLPAPI.DLL
0x00007ffc49c10000 - 0x00007ffc49c19000 	C:\WINDOWS\System32\NSI.dll
0x00007ffc40b70000 - 0x00007ffc40b87000 	C:\WINDOWS\SYSTEM32\dhcpcsvc6.DLL
0x00007ffc41620000 - 0x00007ffc4163d000 	C:\WINDOWS\SYSTEM32\dhcpcsvc.DLL
0x00007ffc47430000 - 0x00007ffc474fb000 	C:\WINDOWS\SYSTEM32\DNSAPI.dll
0x00007ffc39eb0000 - 0x00007ffc39ec2000 	C:\Program Files\Java\jre1.8.0_241\bin\nio.dll
0x0000000180000000 - 0x0000000180053000 	C:\Users\MiguelAlbarracin\AppData\Local\Temp\libgdxMiguelAlbarracin\1cecf4f6\lwjgl64.dll
0x00007ffc267d0000 - 0x00007ffc268f5000 	C:\WINDOWS\SYSTEM32\OPENGL32.dll
0x00007ffc37aa0000 - 0x00007ffc37acc000 	C:\WINDOWS\SYSTEM32\GLU32.dll
0x0000000020060000 - 0x00000000200c4000 	C:\Users\MIGUEL~1\AppData\Local\Temp\libgdxMiguelAlbarracin\1cecf4f6\OpenAL64.dll
0x00007ffc49140000 - 0x00007ffc49269000 	C:\WINDOWS\System32\ole32.dll
0x00007ffc45eb0000 - 0x00007ffc45ec3000 	C:\WINDOWS\SYSTEM32\kernel.appcore.dll
0x00007ffc459f0000 - 0x00007ffc45a8f000 	C:\WINDOWS\system32\uxtheme.dll
0x00007ffc49090000 - 0x00007ffc49138000 	C:\WINDOWS\System32\clbcatq.dll
0x00007ffc29630000 - 0x00007ffc296cc000 	C:\WINDOWS\SYSTEM32\dsound.dll
0x00007ffc47500000 - 0x00007ffc4754b000 	C:\WINDOWS\SYSTEM32\powrprof.dll
0x00007ffc395b0000 - 0x00007ffc395d6000 	C:\WINDOWS\SYSTEM32\winmmbase.dll
0x00007ffc473c0000 - 0x00007ffc473d2000 	C:\WINDOWS\SYSTEM32\UMPDC.dll
0x00007ffc42380000 - 0x00007ffc42405000 	C:\WINDOWS\System32\MMDevApi.dll
0x00007ffc47d00000 - 0x00007ffc47d2c000 	C:\WINDOWS\System32\DEVOBJ.dll
0x00007ffc48080000 - 0x00007ffc480cd000 	C:\WINDOWS\System32\cfgmgr32.dll
0x00007ffc42940000 - 0x00007ffc42ac0000 	C:\WINDOWS\SYSTEM32\AUDIOSES.DLL
0x00007ffc48d20000 - 0x00007ffc48ded000 	C:\WINDOWS\System32\OLEAUT32.dll
0x00007ffc45ad0000 - 0x00007ffc45ae4000 	C:\WINDOWS\SYSTEM32\resourcepolicyclient.dll
0x00007ffc434a0000 - 0x00007ffc4354e000 	C:\WINDOWS\SYSTEM32\mscms.dll
0x00007ffc43340000 - 0x00007ffc43351000 	C:\WINDOWS\SYSTEM32\ColorAdapterClient.dll
0x00007ffc3e7b0000 - 0x00007ffc3e7f3000 	C:\Windows\System32\Windows.Internal.Graphics.Display.DisplayColorManagement.dll
0x00007ffc48870000 - 0x00007ffc48985000 	C:\WINDOWS\System32\MSCTF.dll
0x00007ffc3a230000 - 0x00007ffc3a32d000 	C:\WINDOWS\SYSTEM32\textinputframework.dll
0x00007ffc451b0000 - 0x00007ffc4550a000 	C:\WINDOWS\System32\CoreUIComponents.dll
0x00007ffc45510000 - 0x00007ffc45602000 	C:\WINDOWS\System32\CoreMessaging.dll
0x00007ffc44ae0000 - 0x00007ffc44c36000 	C:\WINDOWS\SYSTEM32\wintypes.dll
0x00007ffc46ca0000 - 0x00007ffc46cd3000 	C:\WINDOWS\SYSTEM32\ntmarta.dll
0x00007ffc34a60000 - 0x00007ffc34ac6000 	C:\WINDOWS\system32\Oleacc.dll
0x00007ffc408d0000 - 0x00007ffc409cb000 	C:\Windows\System32\AppXDeploymentClient.dll
0x00007ffbfc200000 - 0x00007ffbfcd48000 	C:\WINDOWS\SYSTEM32\ig75icd64.dll
0x00007ffc3b220000 - 0x00007ffc3bc60000 	C:\WINDOWS\SYSTEM32\igdusc64.dll
0x00007ffc45cd0000 - 0x00007ffc45cff000 	C:\WINDOWS\SYSTEM32\dwmapi.dll
0x00007ffc43be0000 - 0x00007ffc43bf4000 	C:\WINDOWS\SYSTEM32\WTSAPI32.dll
0x00007ffc42450000 - 0x00007ffc4248b000 	C:\WINDOWS\SYSTEM32\dxcore.dll
0x00007ffc2b600000 - 0x00007ffc2b643000 	C:\WINDOWS\SYSTEM32\icm32.dll
0x00007ffc468b0000 - 0x00007ffc469a3000 	C:\WINDOWS\SYSTEM32\dxgi.dll
0x00007ffc43d20000 - 0x00007ffc43f83000 	C:\WINDOWS\SYSTEM32\d3d11.dll
0x00007ffc3bf20000 - 0x00007ffc3ce7e000 	C:\WINDOWS\SYSTEM32\igd10iumd64.dll
0x00007ffc47a30000 - 0x00007ffc47a57000 	C:\WINDOWS\SYSTEM32\ncrypt.dll
0x00007ffc479f0000 - 0x00007ffc47a2b000 	C:\WINDOWS\SYSTEM32\NTASN1.dll
0x000000006e9c0000 - 0x000000006ea1b000 	C:\Users\MiguelAlbarracin\AppData\Local\Temp\libgdxMiguelAlbarracin\b8f13a6a\gdx-box2d64.dll
0x00007ffc3fb90000 - 0x00007ffc3fd74000 	C:\WINDOWS\SYSTEM32\dbghelp.dll

VM Arguments:
jvm_args: -Dfile.encoding=Cp1252 
java_command: com.gdxproject.game.desktop.DesktopLauncher
java_class_path (initial): C:\Users\MiguelAlbarracin\Desktop\ProjetoGame\2dJavaLIBGDX\GameProject\desktop\bin\main;C:\Users\MiguelAlbarracin\Desktop\ProjetoGame\2dJavaLIBGDX\GameProject\core\bin\default;C:\Users\MiguelAlbarracin\Desktop\ProjetoGame\2dJavaLIBGDX\GameProject\core\bin\main;C:\Users\MiguelAlbarracin\.gradle\caches\modules-2\files-2.1\com.badlogicgames.gdx\gdx-backend-lwjgl\1.9.10\8f88abd43500d94c486d25f04d642318da72773a\gdx-backend-lwjgl-1.9.10.jar;C:\Users\MiguelAlbarracin\.gradle\caches\modules-2\files-2.1\com.badlogicgames.gdx\gdx-platform\1.9.10\1907b49f8363dd1ee37d273854a9cc3c741a6e66\gdx-platform-1.9.10-natives-desktop.jar;C:\Users\MiguelAlbarracin\.gradle\caches\modules-2\files-2.1\com.badlogicgames.gdx\gdx-box2d-platform\1.9.10\91b19c283b24eec646a18e0e7b940c829920df4f\gdx-box2d-platform-1.9.10-natives-desktop.jar;C:\Users\MiguelAlbarracin\.gradle\caches\modules-2\files-2.1\com.badlogicgames.gdx\gdx-box2d\1.9.10\d68a7a3484d47529a8d23cd467579eb098b38a9e\gdx-box2d-1.9.10.jar;C:\Users\MiguelAlbarracin\.gradle\caches\modules-2\files-2.1\com.badlogicgames.gdx\gdx\1.9.10\79d9ad27bd5e3eb18c9ade61d3a27d7237695d53\gdx-1.9.10.jar;C:\Users\MiguelAlbarracin\.gradle\caches\modules-2\files-2.1\org.lwjgl.lwjgl\lwjgl_util\2.9.3\751f06b62424da056954c67288fd5c494431e350\lwjgl_util-2.9.3.jar;C:\Users\MiguelAlbarracin\.gradle\caches\modules-2\files-2.1\org.lwjgl.lwjgl\lwjgl\2.9.3\3df168ac74e4a8c96562cdff24ad352e255bf89c\lwjgl-2.9.3.jar;C:\Users\MiguelAlbarracin\.gradle\caches\modules-2\files-2.1\com.badlogicgames.jlayer\jlayer\1.0.1-gdx\7cca83cec5c1b2f011362f4d85aabd71a73b049d\jlayer-1.0.1-gdx.jar;C:\Users\MiguelAlbarracin\.gradle\caches\modules-2\files-2.1\org.jcraft\jorbis\0.0.17\8872d22b293e8f5d7d56ff92be966e6dc28ebdc6\jorbis-0.0.17.jar;C:\Users\MiguelAlbarracin\.gradle\caches\modules-2\files-2.1\org.lwjgl.lwjgl\lwjgl-platform\2.9.3\fbc2afb3e288578e9942578decb6291a490549a0\lwjgl-platform-2.9.3-natives-windows.jar;C:\Users\MiguelAlbarracin\.gradle\caches\modules
Launcher Type: SUN_STANDARD

Environment Variables:
JAVA_HOME=C:\Program Files\Java\jdk1.8.0_231
USERNAME=MiguelAlbarracin
OS=Windows_NT
PROCESSOR_IDENTIFIER=Intel64 Family 6 Model 60 Stepping 3, GenuineIntel



---------------  S Y S T E M  ---------------

OS: Windows 10.0 , 64 bit Build 19041 (10.0.19041.292)

CPU:total 8 (initial active 8) (4 cores per cpu, 2 threads per core) family 6 model 60 stepping 3, cmov, cx8, fxsr, mmx, sse, sse2, sse3, ssse3, sse4.1, sse4.2, popcnt, avx, avx2, aes, clmul, erms, lzcnt, ht, tsc, tscinvbit, bmi1, bmi2

Memory: 4k page, physical 16691564k(8336460k free), swap 19181932k(6645020k free)

vm_info: Java HotSpot(TM) 64-Bit Server VM (25.241-b07) for windows-amd64 JRE (1.8.0_241-b07), built on Dec 11 2019 10:21:40 by "rejava" with MS VC++ 10.0 (VS2010)

time: Sat Sep 19 20:04:12 2020
timezone: Hora oficial do Brasil
elapsed time: 5 seconds (0d 0h 0m 5s)

