#
# A fatal error has been detected by the Java Runtime Environment:
#
#  EXCEPTION_ACCESS_VIOLATION (0xc0000005) at pc=0x000000006e9cbbb1, pid=36476, tid=0x0000000000006394
#
# JRE version: Java(TM) SE Runtime Environment (8.0_241-b07) (build 1.8.0_241-b07)
# Java VM: Java HotSpot(TM) 64-Bit Server VM (25.241-b07 mixed mode windows-amd64 compressed oops)
# Problematic frame:
# C  [gdx-box2d64.dll+0xbbb1]
#
# Failed to write core dump. Minidumps are not enabled by default on client versions of Windows
#
# If you would like to submit a bug report, please visit:
#   http://bugreport.java.com/bugreport/crash.jsp
# The crash happened outside the Java Virtual Machine in native code.
# See problematic frame for where to report the bug.
#

---------------  T H R E A D  ---------------

Current thread (0x000000001edf5000):  JavaThread "LWJGL Application" [_thread_in_native, id=25492, stack(0x000000001fe10000,0x000000001ff10000)]

siginfo: ExceptionCode=0xc0000005, reading address 0x000000201f58fd50

Registers:
RAX=0x000000006ea10060, RBX=0x000000201f58fd50, RCX=0x000000001f560290, RDX=0x00000000000000b8
RSP=0x000000001ff0e980, RBP=0x000000001f5602c0, RSI=0x000000001f560290, RDI=0x000000001ff0ea40
R8 =0x000000001f560290, R9 =0x0000000000000002, R10=0x0000000000000000, R11=0x0000000000000001
R12=0x0000000000000000, R13=0x0000000000000006, R14=0x000000001ff0ec30, R15=0x000000001edf5000
RIP=0x000000006e9cbbb1, EFLAGS=0x0000000000010206

Top of Stack: (sp=0x000000001ff0e980)
0x000000001ff0e980:   000000001bdb7f80 000000001edf5000
0x000000001ff0e990:   0000000065306ce8 000000001f115ff0
0x000000001ff0e9a0:   0000000000000001 000000001f560290
0x000000001ff0e9b0:   000000001ff0ea40 000000001ff0eb88
0x000000001ff0e9c0:   0000000000000000 000000001bdb7f80
0x000000001ff0e9d0:   000000001ff0ec30 000000006e9e1163
0x000000001ff0e9e0:   000000001ff0ea80 000000001ff0ea80
0x000000001ff0e9f0:   0000000700000003 000000001bdb7f80
0x000000001ff0ea00:   0000000000000001 000000001b630468
0x000000001ff0ea10:   00000000025c7b30 000000006e9e6a36
0x000000001ff0ea20:   0000000000000000 00000000025c7b30
0x000000001ff0ea30:   000000001ff0eb88 00000000025c5798
0x000000001ff0ea40:   3ee147ae00000002 000000003f0b8514
0x000000001ff0ea50:   0000000000000000 0000000000000000
0x000000001ff0ea60:   0000010100000000 000000001ff0ec01
0x000000001ff0ea70:   0000000000000000 000000003f800000 

Instructions: (pc=0x000000006e9cbbb1)
0x000000006e9cbb91:   05 ca 44 04 00 44 0f b6 2c 18 41 80 fd 0d 4c 89
0x000000006e9cbba1:   eb 77 2c 48 8d 2c de 48 8b 5d 10 48 85 db 74 45
0x000000006e9cbbb1:   48 8b 03 48 89 45 10 48 89 d8 48 83 c4 20 5b 5e
0x000000006e9cbbc1:   5f 5d 41 5c 41 5d 41 5e c3 66 0f 1f 44 00 00 48 


Register to memory mapping:

RAX=0x000000006ea10060 is an unknown value
RBX=0x000000201f58fd50 is an unknown value
RCX=0x000000001f560290 is an unknown value
RDX=0x00000000000000b8 is an unknown value
RSP=0x000000001ff0e980 is pointing into the stack for thread: 0x000000001edf5000
RBP=0x000000001f5602c0 is an unknown value
RSI=0x000000001f560290 is an unknown value
RDI=0x000000001ff0ea40 is pointing into the stack for thread: 0x000000001edf5000
R8 =0x000000001f560290 is an unknown value
R9 =0x0000000000000002 is an unknown value
R10=0x0000000000000000 is an unknown value
R11=0x0000000000000001 is an unknown value
R12=0x0000000000000000 is an unknown value
R13=0x0000000000000006 is an unknown value
R14=0x000000001ff0ec30 is pointing into the stack for thread: 0x000000001edf5000
R15=0x000000001edf5000 is a thread


Stack: [0x000000001fe10000,0x000000001ff10000],  sp=0x000000001ff0e980,  free space=1018k
Native frames: (J=compiled Java code, j=interpreted, Vv=VM code, C=native code)
C  [gdx-box2d64.dll+0xbbb1]
C  [gdx-box2d64.dll+0x21163]
C  [gdx-box2d64.dll+0x26a36]
C  0x00000000025d8c67

Java frames: (J=compiled Java code, j=interpreted, Vv=VM code)
j  com.badlogic.gdx.physics.box2d.World.jniCreateBody(JIFFFFFFFFZZZZZF)J+0
j  com.badlogic.gdx.physics.box2d.World.createBody(Lcom/badlogic/gdx/physics/box2d/BodyDef;)Lcom/badlogic/gdx/physics/box2d/Body;+80
j  com.gdxproject.game.Sprites.Player.FireBall.defineFireBall()V+67
j  com.gdxproject.game.Sprites.Player.FireBall.<init>(Lcom/gdxproject/game/Screens/PlayScreen;FFZ)V+128
j  com.gdxproject.game.Sprites.Player.Player.fire(Lcom/gdxproject/game/Screens/PlayScreen;)V+41
j  com.gdxproject.game.Screens.PlayScreen.handleInput(F)V+229
j  com.gdxproject.game.Screens.PlayScreen.update(F)V+2
j  com.gdxproject.game.Screens.PlayScreen.render(F)V+2
j  com.badlogic.gdx.Game.render()V+19
j  com.gdxproject.game.GameProject.render()V+1
j  com.badlogic.gdx.backends.lwjgl.LwjglApplication.mainLoop()V+770
j  com.badlogic.gdx.backends.lwjgl.LwjglApplication$1.run()V+27
v  ~StubRoutines::call_stub

---------------  P R O C E S S  ---------------

Java Threads: ( => current thread )
  0x000000001f401800 JavaThread "LWJGL Timer" daemon [_thread_blocked, id=36992, stack(0x0000000064610000,0x0000000064710000)]
  0x000000001ee6b800 JavaThread "AssetManager" daemon [_thread_blocked, id=37772, stack(0x0000000064310000,0x0000000064410000)]
  0x00000000024c4000 JavaThread "DestroyJavaVM" [_thread_blocked, id=27060, stack(0x0000000002300000,0x0000000002400000)]
=>0x000000001edf5000 JavaThread "LWJGL Application" [_thread_in_native, id=25492, stack(0x000000001fe10000,0x000000001ff10000)]
  0x000000001df9c000 JavaThread "Service Thread" daemon [_thread_blocked, id=36336, stack(0x000000001eb00000,0x000000001ec00000)]
  0x000000001df80800 JavaThread "C1 CompilerThread3" daemon [_thread_blocked, id=32544, stack(0x000000001ea00000,0x000000001eb00000)]
  0x000000001df75000 JavaThread "C2 CompilerThread2" daemon [_thread_blocked, id=37316, stack(0x000000001e900000,0x000000001ea00000)]
  0x000000001df74000 JavaThread "C2 CompilerThread1" daemon [_thread_blocked, id=27148, stack(0x000000001e800000,0x000000001e900000)]
  0x000000001df1f000 JavaThread "C2 CompilerThread0" daemon [_thread_blocked, id=31216, stack(0x000000001e700000,0x000000001e800000)]
  0x000000001df1d800 JavaThread "Attach Listener" daemon [_thread_blocked, id=13848, stack(0x000000001e600000,0x000000001e700000)]
  0x000000001df1b800 JavaThread "Signal Dispatcher" daemon [_thread_blocked, id=27140, stack(0x000000001e500000,0x000000001e600000)]
  0x000000001df10800 JavaThread "Finalizer" daemon [_thread_blocked, id=29192, stack(0x000000001e2f0000,0x000000001e3f0000)]
  0x00000000025b9000 JavaThread "Reference Handler" daemon [_thread_blocked, id=36356, stack(0x000000001ddf0000,0x000000001def0000)]

Other Threads:
  0x000000001c01a000 VMThread [stack: 0x000000001dcf0000,0x000000001ddf0000] [id=37500]
  0x000000001dfa6000 WatcherThread [stack: 0x000000001ec00000,0x000000001ed00000] [id=34532]

VM state:not at safepoint (normal execution)

VM Mutex/Monitor currently owned by a thread: None

heap address: 0x00000006c1400000, size: 4076 MB, Compressed Oops mode: Zero based, Oop shift amount: 3
Narrow klass base: 0x0000000000000000, Narrow klass shift: 3
Compressed class space size: 1073741824 Address: 0x00000007c0000000

Heap:
 PSYoungGen      total 76288K, used 41918K [0x000000076b180000, 0x0000000770680000, 0x00000007c0000000)
  eden space 65536K, 63% used [0x000000076b180000,0x000000076da6fb60,0x000000076f180000)
  from space 10752K, 0% used [0x000000076fc00000,0x000000076fc00000,0x0000000770680000)
  to   space 10752K, 0% used [0x000000076f180000,0x000000076f180000,0x000000076fc00000)
 ParOldGen       total 175104K, used 0K [0x00000006c1400000, 0x00000006cbf00000, 0x000000076b180000)
  object space 175104K, 0% used [0x00000006c1400000,0x00000006c1400000,0x00000006cbf00000)
 Metaspace       used 10271K, capacity 10519K, committed 10880K, reserved 1058816K
  class space    used 1017K, capacity 1088K, committed 1152K, reserved 1048576K

Card table byte_map: [0x0000000011980000,0x0000000012180000] byte_map_base: 0x000000000e376000

Marking Bits: (ParMarkBitMap*) 0x00000000654ebe30
 Begin Bits: [0x0000000012ed0000, 0x0000000016e80000)
 End Bits:   [0x0000000016e80000, 0x000000001ae30000)

Polling page: 0x0000000000b30000

CodeCache: size=245760Kb used=4931Kb max_used=4939Kb free=240828Kb
 bounds [0x00000000025c0000, 0x0000000002aa0000, 0x00000000115c0000]
 total_blobs=1787 nmethods=1258 adapters=442
 compilation: enabled

Compilation events (10 events):
Event: 4.283 Thread 0x000000001df80800 1254       3       com.badlogic.gdx.graphics.glutils.ImmediateModeRenderer20::flush (113 bytes)
Event: 4.285 Thread 0x000000001df80800 nmethod 1254 0x0000000002a8f890 code [0x0000000002a8fce0, 0x0000000002a91a78]
Event: 4.331 Thread 0x000000001df74000 1255       4       com.badlogic.gdx.graphics.Color::set (34 bytes)
Event: 4.332 Thread 0x000000001df74000 nmethod 1255 0x0000000002a962d0 code [0x0000000002a96400, 0x0000000002a96498]
Event: 4.365 Thread 0x000000001df80800 1256       3       javazoom.jl.decoder.Bitstream::parse_frame (149 bytes)
Event: 4.366 Thread 0x000000001df80800 nmethod 1256 0x0000000002a95b10 code [0x0000000002a95c80, 0x0000000002a96050]
Event: 4.448 Thread 0x000000001df80800 1257       1       com.badlogic.gdx.graphics.glutils.IndexArray::bind (1 bytes)
Event: 4.448 Thread 0x000000001df80800 nmethod 1257 0x0000000002a95850 code [0x0000000002a959a0, 0x0000000002a95ab0]
Event: 4.448 Thread 0x000000001df80800 1258       1       com.badlogic.gdx.graphics.glutils.IndexArray::unbind (1 bytes)
Event: 4.448 Thread 0x000000001df80800 nmethod 1258 0x0000000002a95590 code [0x0000000002a956e0, 0x0000000002a957f0]

GC Heap History (0 events):
No events

Deoptimization events (10 events):
Event: 1.702 Thread 0x000000001edf5000 Uncommon trap: reason=unstable_if action=reinterpret pc=0x00000000028887ec method=java.util.StringTokenizer.scanToken(I)I @ 7
Event: 1.702 Thread 0x000000001edf5000 Uncommon trap: reason=unstable_if action=reinterpret pc=0x000000000287e8d8 method=java.util.StringTokenizer.skipDelimiters(I)I @ 29
Event: 1.816 Thread 0x000000001edf5000 Uncommon trap: reason=unstable_if action=reinterpret pc=0x000000000287dd54 method=java.util.StringTokenizer.scanToken(I)I @ 7
Event: 1.993 Thread 0x000000001edf5000 Uncommon trap: reason=unstable_if action=reinterpret pc=0x000000000287b1a8 method=java.lang.CharacterDataLatin1.digit(II)I @ 31
Event: 2.058 Thread 0x000000001edf5000 Uncommon trap: reason=class_check action=maybe_recompile pc=0x00000000028b434c method=java.io.BufferedInputStream.read([BII)I @ 101
Event: 2.058 Thread 0x000000001edf5000 Uncommon trap: reason=unstable_if action=reinterpret pc=0x00000000028b4184 method=java.io.BufferedInputStream.read1([BII)I @ 22
Event: 2.372 Thread 0x000000001edf5000 Uncommon trap: reason=unstable_if action=reinterpret pc=0x00000000026fd2bc method=java.lang.String.startsWith(Ljava/lang/String;I)Z @ 25
Event: 2.505 Thread 0x000000001edf5000 Uncommon trap: reason=unstable_if action=reinterpret pc=0x00000000028ae5c0 method=java.io.BufferedInputStream.read1([BII)I @ 22
Event: 2.916 Thread 0x000000001edf5000 Uncommon trap: reason=unstable_if action=reinterpret pc=0x00000000029e1984 method=javazoom.jl.decoder.LayerIIIDecoder.stereo(I)V @ 144
Event: 2.916 Thread 0x000000001edf5000 Uncommon trap: reason=predicate action=maybe_recompile pc=0x00000000029d5ed4 method=javazoom.jl.decoder.LayerIIIDecoder.stereo(I)V @ 1892

Classes redefined (0 events):
No events

Internal exceptions (10 events):
Event: 0.480 Thread 0x00000000024c4000 Exception <a 'java/security/PrivilegedActionException'> (0x000000076b5067b8) thrown at [C:\ade\jenkins\workspace\8-2-build-windows-amd64-cygwin\jdk8u241\331\hotspot\src\share\vm\prims\jvm.cpp, line 1502]
Event: 0.480 Thread 0x00000000024c4000 Exception <a 'java/security/PrivilegedActionException'> (0x000000076b5069c8) thrown at [C:\ade\jenkins\workspace\8-2-build-windows-amd64-cygwin\jdk8u241\331\hotspot\src\share\vm\prims\jvm.cpp, line 1502]
Event: 0.921 Thread 0x00000000024c4000 Exception <a 'java/security/PrivilegedActionException'> (0x000000076b6a4e88) thrown at [C:\ade\jenkins\workspace\8-2-build-windows-amd64-cygwin\jdk8u241\331\hotspot\src\share\vm\prims\jvm.cpp, line 1502]
Event: 0.921 Thread 0x00000000024c4000 Exception <a 'java/security/PrivilegedActionException'> (0x000000076b6a6b60) thrown at [C:\ade\jenkins\workspace\8-2-build-windows-amd64-cygwin\jdk8u241\331\hotspot\src\share\vm\prims\jvm.cpp, line 1502]
Event: 0.921 Thread 0x00000000024c4000 Exception <a 'java/security/PrivilegedActionException'> (0x000000076b6a7cd0) thrown at [C:\ade\jenkins\workspace\8-2-build-windows-amd64-cygwin\jdk8u241\331\hotspot\src\share\vm\prims\jvm.cpp, line 1502]
Event: 0.921 Thread 0x00000000024c4000 Exception <a 'java/security/PrivilegedActionException'> (0x000000076b6ace38) thrown at [C:\ade\jenkins\workspace\8-2-build-windows-amd64-cygwin\jdk8u241\331\hotspot\src\share\vm\prims\jvm.cpp, line 1502]
Event: 0.921 Thread 0x00000000024c4000 Exception <a 'java/security/PrivilegedActionException'> (0x000000076b6ada90) thrown at [C:\ade\jenkins\workspace\8-2-build-windows-amd64-cygwin\jdk8u241\331\hotspot\src\share\vm\prims\jvm.cpp, line 1502]
Event: 0.921 Thread 0x00000000024c4000 Exception <a 'java/security/PrivilegedActionException'> (0x000000076b6ae6b8) thrown at [C:\ade\jenkins\workspace\8-2-build-windows-amd64-cygwin\jdk8u241\331\hotspot\src\share\vm\prims\jvm.cpp, line 1502]
Event: 1.976 Thread 0x000000001edf5000 Exception <a 'java/lang/NoSuchFieldError': method resolution failed> (0x000000076d63fc70) thrown at [C:\ade\jenkins\workspace\8-2-build-windows-amd64-cygwin\jdk8u241\331\hotspot\src\share\vm\prims\methodHandles.cpp, line 1167]
Event: 1.978 Thread 0x000000001edf5000 Exception <a 'java/lang/NoSuchFieldError': method resolution failed> (0x000000076d64d330) thrown at [C:\ade\jenkins\workspace\8-2-build-windows-amd64-cygwin\jdk8u241\331\hotspot\src\share\vm\prims\methodHandles.cpp, line 1167]

Events (10 events):
Event: 3.333 Thread 0x000000001edf5000 DEOPT PACKING pc=0x000000000298631a sp=0x000000001ff0ecd0
Event: 3.333 Thread 0x000000001edf5000 DEOPT UNPACKING pc=0x0000000002607890 sp=0x000000001ff0ea00 mode 0
Event: 3.548 Thread 0x000000001edf5000 DEOPT PACKING pc=0x0000000002a14ee1 sp=0x000000001ff0ec20
Event: 3.548 Thread 0x000000001edf5000 DEOPT UNPACKING pc=0x0000000002607890 sp=0x000000001ff0e950 mode 0
Event: 3.549 Thread 0x000000001edf5000 DEOPT PACKING pc=0x0000000002a14ee1 sp=0x000000001ff0ec20
Event: 3.550 Thread 0x000000001edf5000 DEOPT UNPACKING pc=0x0000000002607890 sp=0x000000001ff0e950 mode 0
Event: 3.998 Thread 0x000000001edf5000 DEOPT PACKING pc=0x0000000002a278aa sp=0x000000001ff0ed40
Event: 3.998 Thread 0x000000001edf5000 DEOPT UNPACKING pc=0x0000000002607890 sp=0x000000001ff0e9e0 mode 0
Event: 4.379 Executing VM operation: EnableBiasedLocking
Event: 4.380 Executing VM operation: EnableBiasedLocking done


Dynamic libraries:
0x00007ff62e9f0000 - 0x00007ff62ea27000 	C:\Program Files\Java\jre1.8.0_241\bin\javaw.exe
0x00007ffe06340000 - 0x00007ffe06530000 	C:\WINDOWS\SYSTEM32\ntdll.dll
0x00007ffe053b0000 - 0x00007ffe05462000 	C:\WINDOWS\System32\KERNEL32.DLL
0x00007ffe04110000 - 0x00007ffe043b5000 	C:\WINDOWS\System32\KERNELBASE.dll
0x00007ffe05150000 - 0x00007ffe051f3000 	C:\WINDOWS\System32\ADVAPI32.dll
0x00007ffe06160000 - 0x00007ffe061fe000 	C:\WINDOWS\System32\msvcrt.dll
0x00007ffe044a0000 - 0x00007ffe04537000 	C:\WINDOWS\System32\sechost.dll
0x00007ffe05020000 - 0x00007ffe05140000 	C:\WINDOWS\System32\RPCRT4.dll
0x00007ffe05470000 - 0x00007ffe05605000 	C:\WINDOWS\System32\USER32.dll
0x00007ffe043c0000 - 0x00007ffe043e1000 	C:\WINDOWS\System32\win32u.dll
0x00007ffe05740000 - 0x00007ffe05766000 	C:\WINDOWS\System32\GDI32.dll
0x00007ffe03f70000 - 0x00007ffe04106000 	C:\WINDOWS\System32\gdi32full.dll
0x00007ffe03e20000 - 0x00007ffe03ebe000 	C:\WINDOWS\System32\msvcp_win.dll
0x00007ffe032d0000 - 0x00007ffe033ca000 	C:\WINDOWS\System32\ucrtbase.dll
0x00007ffdf5b80000 - 0x00007ffdf5e04000 	C:\WINDOWS\WinSxS\amd64_microsoft.windows.common-controls_6595b64144ccf1df_6.0.18362.1082_none_9e8193e1e45b25c1\COMCTL32.dll
0x00007ffe05780000 - 0x00007ffe05ab5000 	C:\WINDOWS\System32\combase.dll
0x00007ffe03da0000 - 0x00007ffe03e20000 	C:\WINDOWS\System32\bcryptPrimitives.dll
0x00007ffe062d0000 - 0x00007ffe062fe000 	C:\WINDOWS\System32\IMM32.DLL
0x00000000660c0000 - 0x0000000066192000 	C:\Program Files\Java\jre1.8.0_241\bin\msvcr100.dll
0x0000000064cc0000 - 0x000000006556c000 	C:\Program Files\Java\jre1.8.0_241\bin\server\jvm.dll
0x00007ffe05730000 - 0x00007ffe05738000 	C:\WINDOWS\System32\PSAPI.DLL
0x00007ffdf0640000 - 0x00007ffdf0649000 	C:\WINDOWS\SYSTEM32\WSOCK32.dll
0x00007ffe056c0000 - 0x00007ffe0572f000 	C:\WINDOWS\System32\WS2_32.dll
0x00007ffdffe90000 - 0x00007ffdffeb4000 	C:\WINDOWS\SYSTEM32\WINMM.dll
0x00007ffdfe620000 - 0x00007ffdfe62a000 	C:\WINDOWS\SYSTEM32\VERSION.dll
0x00007ffdffe60000 - 0x00007ffdffe8d000 	C:\WINDOWS\SYSTEM32\winmmbase.dll
0x00007ffe03ec0000 - 0x00007ffe03f0a000 	C:\WINDOWS\System32\cfgmgr32.dll
0x00007ffdffc30000 - 0x00007ffdffc3f000 	C:\Program Files\Java\jre1.8.0_241\bin\verify.dll
0x00007ffdfd2f0000 - 0x00007ffdfd319000 	C:\Program Files\Java\jre1.8.0_241\bin\java.dll
0x00007ffdfda50000 - 0x00007ffdfda66000 	C:\Program Files\Java\jre1.8.0_241\bin\zip.dll
0x00007ffe047d0000 - 0x00007ffe04eb7000 	C:\WINDOWS\System32\SHELL32.dll
0x00007ffe05610000 - 0x00007ffe056b9000 	C:\WINDOWS\System32\shcore.dll
0x00007ffe03600000 - 0x00007ffe03d80000 	C:\WINDOWS\System32\windows.storage.dll
0x00007ffe03280000 - 0x00007ffe032a3000 	C:\WINDOWS\System32\profapi.dll
0x00007ffe03230000 - 0x00007ffe0327a000 	C:\WINDOWS\System32\powrprof.dll
0x00007ffe03200000 - 0x00007ffe03210000 	C:\WINDOWS\System32\UMPDC.dll
0x00007ffe05fb0000 - 0x00007ffe06002000 	C:\WINDOWS\System32\shlwapi.dll
0x00007ffe03210000 - 0x00007ffe03221000 	C:\WINDOWS\System32\kernel.appcore.dll
0x00007ffe03d80000 - 0x00007ffe03d97000 	C:\WINDOWS\System32\cryptsp.dll
0x0000000065ac0000 - 0x0000000065b0b000 	C:\Users\MiguelAlbarracin\AppData\Local\Temp\libgdxMiguelAlbarracin\7d76f548\gdx64.dll
0x00007ffe025c0000 - 0x00007ffe025f3000 	C:\WINDOWS\system32\rsaenh.dll
0x00007ffe035d0000 - 0x00007ffe035f6000 	C:\WINDOWS\System32\bcrypt.dll
0x00007ffe030e0000 - 0x00007ffe03105000 	C:\WINDOWS\SYSTEM32\USERENV.dll
0x00007ffe02c20000 - 0x00007ffe02c2c000 	C:\WINDOWS\SYSTEM32\CRYPTBASE.dll
0x00007ffdfd940000 - 0x00007ffdfd95a000 	C:\Program Files\Java\jre1.8.0_241\bin\net.dll
0x00007ffe02a50000 - 0x00007ffe02ab7000 	C:\WINDOWS\system32\mswsock.dll
0x00007ffe02760000 - 0x00007ffe0279a000 	C:\WINDOWS\SYSTEM32\IPHLPAPI.DLL
0x00007ffe05770000 - 0x00007ffe05778000 	C:\WINDOWS\System32\NSI.dll
0x00007ffdfc8f0000 - 0x00007ffdfc906000 	C:\WINDOWS\SYSTEM32\dhcpcsvc6.DLL
0x00007ffdfcac0000 - 0x00007ffdfcadc000 	C:\WINDOWS\SYSTEM32\dhcpcsvc.DLL
0x00007ffe027a0000 - 0x00007ffe0286b000 	C:\WINDOWS\SYSTEM32\DNSAPI.dll
0x00007ffdfd2d0000 - 0x00007ffdfd2e2000 	C:\Program Files\Java\jre1.8.0_241\bin\nio.dll
0x0000000180000000 - 0x0000000180053000 	C:\Users\MiguelAlbarracin\AppData\Local\Temp\libgdxMiguelAlbarracin\1cecf4f6\lwjgl64.dll
0x00007ffdde180000 - 0x00007ffdde2d6000 	C:\WINDOWS\SYSTEM32\OPENGL32.dll
0x00007ffddeae0000 - 0x00007ffddeb0c000 	C:\WINDOWS\SYSTEM32\GLU32.dll
0x00007ffe01e50000 - 0x00007ffe01e70000 	C:\WINDOWS\SYSTEM32\dxcore.dll
0x000000001f980000 - 0x000000001f9e4000 	C:\Users\MIGUEL~1\AppData\Local\Temp\libgdxMiguelAlbarracin\1cecf4f6\OpenAL64.dll
0x00007ffe04ec0000 - 0x00007ffe05017000 	C:\WINDOWS\System32\ole32.dll
0x00007ffe01550000 - 0x00007ffe015e9000 	C:\WINDOWS\system32\uxtheme.dll
0x00007ffe043f0000 - 0x00007ffe04492000 	C:\WINDOWS\System32\clbcatq.dll
0x00007ffddc500000 - 0x00007ffddc599000 	C:\WINDOWS\SYSTEM32\dsound.dll
0x00007ffdfcc10000 - 0x00007ffdfcc82000 	C:\WINDOWS\System32\MMDevApi.dll
0x00007ffe03010000 - 0x00007ffe0303a000 	C:\WINDOWS\System32\DEVOBJ.dll
0x00007ffdfc370000 - 0x00007ffdfc4cd000 	C:\WINDOWS\SYSTEM32\AUDIOSES.DLL
0x00007ffe045c0000 - 0x00007ffe04685000 	C:\WINDOWS\System32\OLEAUT32.dll
0x00007ffdfec90000 - 0x00007ffdfede3000 	C:\WINDOWS\SYSTEM32\wintypes.dll
0x00007ffe01880000 - 0x00007ffe01894000 	C:\WINDOWS\SYSTEM32\resourcepolicyclient.dll
0x00007ffdff500000 - 0x00007ffdff5ae000 	C:\WINDOWS\SYSTEM32\mscms.dll
0x00007ffdff2d0000 - 0x00007ffdff2e7000 	C:\WINDOWS\SYSTEM32\ColorAdapterClient.dll
0x00007ffdfb1d0000 - 0x00007ffdfb1ea000 	C:\Windows\System32\Windows.Internal.Graphics.Display.DisplayColorManagement.dll
0x00007ffe04690000 - 0x00007ffe047c5000 	C:\WINDOWS\System32\MSCTF.dll
0x00007ffde58d0000 - 0x00007ffde596e000 	C:\WINDOWS\System32\TextInputFramework.dll
0x00007ffdfdd10000 - 0x00007ffdfe03a000 	C:\WINDOWS\System32\CoreUIComponents.dll
0x00007ffe011a0000 - 0x00007ffe01274000 	C:\WINDOWS\System32\CoreMessaging.dll
0x00007ffe02240000 - 0x00007ffe02271000 	C:\WINDOWS\SYSTEM32\ntmarta.dll
0x00007ffdf21d0000 - 0x00007ffdf2476000 	C:\WINDOWS\System32\iertutil.dll
0x00007ffdf5a80000 - 0x00007ffdf5ae5000 	C:\WINDOWS\system32\Oleacc.dll
0x00007ffda0d30000 - 0x00007ffda1878000 	C:\WINDOWS\SYSTEM32\ig75icd64.dll
0x00007ffdf7940000 - 0x00007ffdf8380000 	C:\WINDOWS\SYSTEM32\igdusc64.dll
0x00007ffe01a60000 - 0x00007ffe01a8d000 	C:\WINDOWS\SYSTEM32\dwmapi.dll
0x00007ffdffa00000 - 0x00007ffdffa13000 	C:\WINDOWS\SYSTEM32\WTSAPI32.dll
0x00007ffddd390000 - 0x00007ffddd3d3000 	C:\WINDOWS\SYSTEM32\icm32.dll
0x00007ffe01ee0000 - 0x00007ffe01fcb000 	C:\WINDOWS\SYSTEM32\dxgi.dll
0x00007ffe00590000 - 0x00007ffe007eb000 	C:\WINDOWS\SYSTEM32\d3d11.dll
0x00007ffdf8460000 - 0x00007ffdf93be000 	C:\WINDOWS\SYSTEM32\igd10iumd64.dll
0x00007ffe02d20000 - 0x00007ffe02d46000 	C:\WINDOWS\SYSTEM32\ncrypt.dll
0x00007ffe02ce0000 - 0x00007ffe02d1b000 	C:\WINDOWS\SYSTEM32\NTASN1.dll
0x000000006e9c0000 - 0x000000006ea1b000 	C:\Users\MiguelAlbarracin\AppData\Local\Temp\libgdxMiguelAlbarracin\b8f13a6a\gdx-box2d64.dll
0x00007ffdf0230000 - 0x00007ffdf0424000 	C:\WINDOWS\SYSTEM32\dbghelp.dll

VM Arguments:
jvm_args: -Dfile.encoding=Cp1252 
java_command: com.gdxproject.game.desktop.DesktopLauncher
java_class_path (initial): C:\Users\MiguelAlbarracin\Desktop\ProjetoGame\2dJavaLIBGDX\GameProject\desktop\bin\main;C:\Users\MiguelAlbarracin\Desktop\ProjetoGame\2dJavaLIBGDX\GameProject\core\bin\default;C:\Users\MiguelAlbarracin\Desktop\ProjetoGame\2dJavaLIBGDX\GameProject\core\bin\main;C:\Users\MiguelAlbarracin\.gradle\caches\modules-2\files-2.1\com.badlogicgames.gdx\gdx-backend-lwjgl\1.9.10\8f88abd43500d94c486d25f04d642318da72773a\gdx-backend-lwjgl-1.9.10.jar;C:\Users\MiguelAlbarracin\.gradle\caches\modules-2\files-2.1\com.badlogicgames.gdx\gdx-platform\1.9.10\1907b49f8363dd1ee37d273854a9cc3c741a6e66\gdx-platform-1.9.10-natives-desktop.jar;C:\Users\MiguelAlbarracin\.gradle\caches\modules-2\files-2.1\com.badlogicgames.gdx\gdx-box2d-platform\1.9.10\91b19c283b24eec646a18e0e7b940c829920df4f\gdx-box2d-platform-1.9.10-natives-desktop.jar;C:\Users\MiguelAlbarracin\.gradle\caches\modules-2\files-2.1\com.badlogicgames.gdx\gdx-box2d\1.9.10\d68a7a3484d47529a8d23cd467579eb098b38a9e\gdx-box2d-1.9.10.jar;C:\Users\MiguelAlbarracin\.gradle\caches\modules-2\files-2.1\com.badlogicgames.gdx\gdx\1.9.10\79d9ad27bd5e3eb18c9ade61d3a27d7237695d53\gdx-1.9.10.jar;C:\Users\MiguelAlbarracin\.gradle\caches\modules-2\files-2.1\org.lwjgl.lwjgl\lwjgl_util\2.9.3\751f06b62424da056954c67288fd5c494431e350\lwjgl_util-2.9.3.jar;C:\Users\MiguelAlbarracin\.gradle\caches\modules-2\files-2.1\org.lwjgl.lwjgl\lwjgl\2.9.3\3df168ac74e4a8c96562cdff24ad352e255bf89c\lwjgl-2.9.3.jar;C:\Users\MiguelAlbarracin\.gradle\caches\modules-2\files-2.1\com.badlogicgames.jlayer\jlayer\1.0.1-gdx\7cca83cec5c1b2f011362f4d85aabd71a73b049d\jlayer-1.0.1-gdx.jar;C:\Users\MiguelAlbarracin\.gradle\caches\modules-2\files-2.1\org.jcraft\jorbis\0.0.17\8872d22b293e8f5d7d56ff92be966e6dc28ebdc6\jorbis-0.0.17.jar;C:\Users\MiguelAlbarracin\.gradle\caches\modules-2\files-2.1\org.lwjgl.lwjgl\lwjgl-platform\2.9.3\fbc2afb3e288578e9942578decb6291a490549a0\lwjgl-platform-2.9.3-natives-windows.jar;C:\Users\MiguelAlbarracin\.gradle\caches\modules
Launcher Type: SUN_STANDARD

Environment Variables:
JAVA_HOME=C:\Program Files\Java\jdk1.8.0_231
USERNAME=MiguelAlbarracin
OS=Windows_NT
PROCESSOR_IDENTIFIER=Intel64 Family 6 Model 60 Stepping 3, GenuineIntel



---------------  S Y S T E M  ---------------

OS: Windows 10.0 , 64 bit Build 18362 (10.0.18362.1082)

CPU:total 8 (initial active 8) (4 cores per cpu, 2 threads per core) family 6 model 60 stepping 3, cmov, cx8, fxsr, mmx, sse, sse2, sse3, ssse3, sse4.1, sse4.2, popcnt, avx, avx2, aes, clmul, erms, lzcnt, ht, tsc, tscinvbit, bmi1, bmi2

Memory: 4k page, physical 16691564k(4519476k free), swap 21934444k(4919100k free)

vm_info: Java HotSpot(TM) 64-Bit Server VM (25.241-b07) for windows-amd64 JRE (1.8.0_241-b07), built on Dec 11 2019 10:21:40 by "rejava" with MS VC++ 10.0 (VS2010)

time: Tue Sep 15 09:48:22 2020
timezone: Hora oficial do Brasil
elapsed time: 4 seconds (0d 0h 0m 4s)

